<?xml version="1.0" encoding="UTF-8"?>
<testsuite xmlns:xsi="http://www.w3.org/2001/XMLSchema-instance" xsi:noNamespaceSchemaLocation="https://maven.apache.org/surefire/maven-surefire-plugin/xsd/surefire-test-report-3.0.xsd" version="3.0" name="com.nathan.duoc_usuarios.repository.UsuasrioRepositoryTest" time="3.559" tests="1" errors="0" skipped="0" failures="0">
  <properties>
[...]
</properties>
  <testcase name="guardarUsuarioTest" classname="com.nathan.duoc_usuarios.repository.UsuasrioRepositoryTest" time="0.481">
    <system-out><![CDATA[00:01:04.525 [main] INFO org.springframework.test.context.support.AnnotationConfigContextLoaderUtils -- Could not detect default configuration classes for test class [com.nathan.duoc_usuarios.repository.UsuasrioRepositoryTest]: UsuasrioRepositoryTest does not declare any static, non-private, non-final, nested classes annotated with @Configuration.
00:01:04.606 [main] INFO org.springframework.boot.test.context.SpringBootTestContextBootstrapper -- Found @SpringBootConfiguration com.nathan.duoc_usuarios.DuocUsuariosApplication for test class com.nathan.duoc_usuarios.repository.UsuasrioRepositoryTest
00:01:04.649 [main] INFO org.springframework.boot.devtools.restart.RestartApplicationListener -- Restart disabled due to context in which it is running

  .   ____          _            __ _ _
 /\\ / ___'_ __ _ _(_)_ __  __ _ \ \ \ \
( ( )\___ | '_ | '_| | '_ \/ _` | \ \ \ \
 \\/  ___)| |_)| | | | | || (_| |  ) ) ) )
  '  |____| .__|_| |_|_| |_\__, | / / / /
 =========|_|==============|___/=/_/_/_/

 :: Spring Boot ::                (v3.3.4)

2024-10-07T00:01:04.805-03:00 DEBUG 14033 --- [duoc_usuarios] [kground-preinit] o.h.v.i.xml.config.ValidationXmlParser   : Trying to load META-INF/validation.xml for XML based Validator configuration.
2024-10-07T00:01:04.855-03:00 DEBUG 14033 --- [duoc_usuarios] [kground-preinit] o.h.v.i.xml.config.ResourceLoaderHelper  : Trying to load META-INF/validation.xml via TCCL
2024-10-07T00:01:04.855-03:00 DEBUG 14033 --- [duoc_usuarios] [kground-preinit] o.h.v.i.xml.config.ResourceLoaderHelper  : Trying to load META-INF/validation.xml via Hibernate Validator's class loader
2024-10-07T00:01:04.855-03:00 DEBUG 14033 --- [duoc_usuarios] [kground-preinit] o.h.v.i.xml.config.ValidationXmlParser   : No META-INF/validation.xml found. Using annotation based configuration only.
2024-10-07T00:01:04.859-03:00 DEBUG 14033 --- [duoc_usuarios] [kground-preinit] o.h.v.i.e.resolver.TraversableResolvers  : Found jakarta.persistence.Persistence on classpath containing 'getPersistenceUtil'. Assuming JPA 2 environment. Trying to instantiate JPA aware TraversableResolver
2024-10-07T00:01:04.859-03:00 DEBUG 14033 --- [duoc_usuarios] [kground-preinit] o.h.v.i.e.resolver.TraversableResolvers  : Instantiated JPA aware TraversableResolver of type org.hibernate.validator.internal.engine.resolver.JPATraversableResolver.
2024-10-07T00:01:04.871-03:00 DEBUG 14033 --- [duoc_usuarios] [kground-preinit] .h.v.m.ResourceBundleMessageInterpolator : Loaded expression factory via original TCCL
2024-10-07T00:01:04.880-03:00  INFO 14033 --- [duoc_usuarios] [           main] c.n.d.repository.UsuasrioRepositoryTest  : Starting UsuasrioRepositoryTest using Java 22.0.2 with PID 14033 (started by jonathanbernal in /Users/jonathanbernal/Documents/Duoc/FullStack/Week9/duoc_usuarios)
2024-10-07T00:01:04.881-03:00  INFO 14033 --- [duoc_usuarios] [           main] c.n.d.repository.UsuasrioRepositoryTest  : No active profile set, falling back to 1 default profile: "default"
2024-10-07T00:01:04.881-03:00 DEBUG 14033 --- [duoc_usuarios] [           main] o.s.boot.SpringApplication               : Loading source class com.nathan.duoc_usuarios.DuocUsuariosApplication
2024-10-07T00:01:04.888-03:00 DEBUG 14033 --- [duoc_usuarios] [           main] s.c.a.AnnotationConfigApplicationContext : Refreshing org.springframework.context.annotation.AnnotationConfigApplicationContext@28f8e165
2024-10-07T00:01:04.895-03:00 DEBUG 14033 --- [duoc_usuarios] [           main] o.s.b.f.s.DefaultListableBeanFactory     : Creating shared instance of singleton bean 'org.springframework.context.annotation.internalConfigurationAnnotationProcessor'
2024-10-07T00:01:04.902-03:00 DEBUG 14033 --- [duoc_usuarios] [           main] o.s.b.f.s.DefaultListableBeanFactory     : Creating shared instance of singleton bean 'org.springframework.boot.autoconfigure.internalCachingMetadataReaderFactory'
2024-10-07T00:01:04.914-03:00 DEBUG 14033 --- [duoc_usuarios] [kground-preinit] .i.e.ValidatorFactoryConfigurationHelper : HV000252: Using org.hibernate.validator.internal.engine.DefaultPropertyNodeNameProvider as property node name provider.
2024-10-07T00:01:04.917-03:00 DEBUG 14033 --- [duoc_usuarios] [kground-preinit] .i.e.ValidatorFactoryConfigurationHelper : HV000234: Using org.hibernate.validator.messageinterpolation.ResourceBundleMessageInterpolator as ValidatorFactory-scoped message interpolator.
2024-10-07T00:01:04.917-03:00 DEBUG 14033 --- [duoc_usuarios] [kground-preinit] .i.e.ValidatorFactoryConfigurationHelper : HV000234: Using org.hibernate.validator.internal.engine.resolver.JPATraversableResolver as ValidatorFactory-scoped traversable resolver.
2024-10-07T00:01:04.917-03:00 DEBUG 14033 --- [duoc_usuarios] [kground-preinit] .i.e.ValidatorFactoryConfigurationHelper : HV000234: Using org.hibernate.validator.internal.util.ExecutableParameterNameProvider as ValidatorFactory-scoped parameter name provider.
2024-10-07T00:01:04.917-03:00 DEBUG 14033 --- [duoc_usuarios] [kground-preinit] .i.e.ValidatorFactoryConfigurationHelper : HV000234: Using org.hibernate.validator.internal.engine.DefaultClockProvider as ValidatorFactory-scoped clock provider.
2024-10-07T00:01:04.917-03:00 DEBUG 14033 --- [duoc_usuarios] [kground-preinit] .i.e.ValidatorFactoryConfigurationHelper : HV000234: Using org.hibernate.validator.internal.engine.scripting.DefaultScriptEvaluatorFactory as ValidatorFactory-scoped script evaluator factory.
2024-10-07T00:01:05.083-03:00  INFO 14033 --- [duoc_usuarios] [           main] .s.d.r.c.RepositoryConfigurationDelegate : Bootstrapping Spring Data JPA repositories in DEFAULT mode.
2024-10-07T00:01:05.086-03:00 DEBUG 14033 --- [duoc_usuarios] [           main] o.s.b.f.s.DefaultListableBeanFactory     : Creating shared instance of singleton bean 'org.springframework.boot.autoconfigure.AutoConfigurationPackages'
2024-10-07T00:01:05.090-03:00 DEBUG 14033 --- [duoc_usuarios] [           main] o.s.b.a.AutoConfigurationPackages        : @EnableAutoConfiguration was declared on a class in the package 'com.nathan.duoc_usuarios'. Automatic @Repository and @Entity scanning is enabled.
2024-10-07T00:01:05.090-03:00 DEBUG 14033 --- [duoc_usuarios] [           main] .s.d.r.c.RepositoryConfigurationDelegate : Scanning for JPA repositories in packages com.nathan.duoc_usuarios.
2024-10-07T00:01:05.097-03:00 DEBUG 14033 --- [duoc_usuarios] [           main] o.s.d.r.c.RepositoryComponentProvider    : Identified candidate component class: file [/Users/jonathanbernal/Documents/Duoc/FullStack/Week9/duoc_usuarios/target/classes/com/nathan/duoc_usuarios/repository/UsuarioRepository.class]
2024-10-07T00:01:05.115-03:00  INFO 14033 --- [duoc_usuarios] [           main] .s.d.r.c.RepositoryConfigurationDelegate : Finished Spring Data repository scanning in 24 ms. Found 1 JPA repository interface.
2024-10-07T00:01:05.138-03:00 DEBUG 14033 --- [duoc_usuarios] [           main] o.s.b.f.s.DefaultListableBeanFactory     : Creating shared instance of singleton bean 'org.springframework.boot.test.context.ImportsContextCustomizer$ImportsCleanupPostProcessor'
2024-10-07T00:01:05.209-03:00 DEBUG 14033 --- [duoc_usuarios] [           main] o.s.b.f.s.DefaultListableBeanFactory     : Creating shared instance of singleton bean 'org.springframework.boot.test.mock.mockito.MockitoPostProcessor'
2024-10-07T00:01:05.210-03:00 DEBUG 14033 --- [duoc_usuarios] [           main] o.s.b.f.s.DefaultListableBeanFactory     : Creating shared instance of singleton bean 'emBeanDefinitionRegistrarPostProcessor'
2024-10-07T00:01:05.210-03:00 DEBUG 14033 --- [duoc_usuarios] [           main] o.s.b.f.s.DefaultListableBeanFactory     : Creating shared instance of singleton bean 'org.springframework.boot.sql.init.dependency.DatabaseInitializationDependencyConfigurer$DependsOnDatabaseInitializationPostProcessor'
2024-10-07T00:01:05.224-03:00 DEBUG 14033 --- [duoc_usuarios] [           main] o.s.b.f.s.DefaultListableBeanFactory     : Creating shared instance of singleton bean 'org.springframework.context.event.internalEventListenerProcessor'
2024-10-07T00:01:05.225-03:00 DEBUG 14033 --- [duoc_usuarios] [           main] o.s.b.f.s.DefaultListableBeanFactory     : Creating shared instance of singleton bean 'org.springframework.context.event.internalEventListenerFactory'
2024-10-07T00:01:05.226-03:00 DEBUG 14033 --- [duoc_usuarios] [           main] o.s.b.f.s.DefaultListableBeanFactory     : Creating shared instance of singleton bean 'org.springframework.transaction.config.internalTransactionalEventListenerFactory'
2024-10-07T00:01:05.227-03:00 DEBUG 14033 --- [duoc_usuarios] [           main] o.s.b.f.s.DefaultListableBeanFactory     : Creating shared instance of singleton bean 'org.springframework.context.annotation.internalAutowiredAnnotationProcessor'
2024-10-07T00:01:05.228-03:00 DEBUG 14033 --- [duoc_usuarios] [           main] o.s.b.f.s.DefaultListableBeanFactory     : Creating shared instance of singleton bean 'org.springframework.context.annotation.internalCommonAnnotationProcessor'
2024-10-07T00:01:05.230-03:00 DEBUG 14033 --- [duoc_usuarios] [           main] o.s.b.f.s.DefaultListableBeanFactory     : Creating shared instance of singleton bean 'org.springframework.context.annotation.internalPersistenceAnnotationProcessor'
2024-10-07T00:01:05.230-03:00 DEBUG 14033 --- [duoc_usuarios] [           main] o.s.b.f.s.DefaultListableBeanFactory     : Creating shared instance of singleton bean 'org.springframework.boot.test.mock.mockito.MockitoPostProcessor$SpyPostProcessor'
2024-10-07T00:01:05.231-03:00 DEBUG 14033 --- [duoc_usuarios] [           main] o.s.b.f.s.DefaultListableBeanFactory     : Creating shared instance of singleton bean 'jdbcConnectionDetailsHikariBeanPostProcessor'
2024-10-07T00:01:05.233-03:00 DEBUG 14033 --- [duoc_usuarios] [           main] o.s.b.f.s.DefaultListableBeanFactory     : Creating shared instance of singleton bean 'org.springframework.boot.context.properties.ConfigurationPropertiesBindingPostProcessor'
2024-10-07T00:01:05.234-03:00 DEBUG 14033 --- [duoc_usuarios] [           main] o.s.b.f.s.DefaultListableBeanFactory     : Creating shared instance of singleton bean 'org.springframework.boot.context.internalConfigurationPropertiesBinder'
2024-10-07T00:01:05.235-03:00 DEBUG 14033 --- [duoc_usuarios] [           main] o.s.b.f.s.DefaultListableBeanFactory     : Creating shared instance of singleton bean 'org.springframework.aop.config.internalAutoProxyCreator'
2024-10-07T00:01:05.248-03:00 DEBUG 14033 --- [duoc_usuarios] [           main] o.s.b.f.s.DefaultListableBeanFactory     : Creating shared instance of singleton bean 'dataSourceScriptDatabaseInitializer'
2024-10-07T00:01:05.249-03:00 DEBUG 14033 --- [duoc_usuarios] [           main] o.s.b.f.s.DefaultListableBeanFactory     : Creating shared instance of singleton bean 'org.springframework.boot.autoconfigure.sql.init.DataSourceInitializationConfiguration'
2024-10-07T00:01:05.250-03:00 DEBUG 14033 --- [duoc_usuarios] [           main] o.s.b.f.s.DefaultListableBeanFactory     : Creating shared instance of singleton bean 'org.springframework.transaction.config.internalTransactionAdvisor'
2024-10-07T00:01:05.250-03:00 DEBUG 14033 --- [duoc_usuarios] [           main] o.s.b.f.s.DefaultListableBeanFactory     : Creating shared instance of singleton bean 'org.springframework.transaction.annotation.ProxyTransactionManagementConfiguration'
2024-10-07T00:01:05.259-03:00 DEBUG 14033 --- [duoc_usuarios] [           main] o.s.b.f.s.DefaultListableBeanFactory     : Creating shared instance of singleton bean 'transactionAttributeSource'
2024-10-07T00:01:05.260-03:00 DEBUG 14033 --- [duoc_usuarios] [           main] o.s.b.f.s.DefaultListableBeanFactory     : Creating shared instance of singleton bean 'transactionInterceptor'
2024-10-07T00:01:05.260-03:00 DEBUG 14033 --- [duoc_usuarios] [           main] o.s.b.f.s.DefaultListableBeanFactory     : Autowiring by type from bean name 'transactionInterceptor' via factory method to bean named 'transactionAttributeSource'
2024-10-07T00:01:05.263-03:00 DEBUG 14033 --- [duoc_usuarios] [           main] o.s.b.f.s.DefaultListableBeanFactory     : Autowiring by type from bean name 'org.springframework.transaction.config.internalTransactionAdvisor' via factory method to bean named 'transactionAttributeSource'
2024-10-07T00:01:05.263-03:00 DEBUG 14033 --- [duoc_usuarios] [           main] o.s.b.f.s.DefaultListableBeanFactory     : Autowiring by type from bean name 'org.springframework.transaction.config.internalTransactionAdvisor' via factory method to bean named 'transactionInterceptor'
2024-10-07T00:01:05.266-03:00 DEBUG 14033 --- [duoc_usuarios] [           main] o.s.b.f.s.DefaultListableBeanFactory     : Creating shared instance of singleton bean 'dataSource'
2024-10-07T00:01:05.266-03:00 DEBUG 14033 --- [duoc_usuarios] [           main] o.s.b.f.s.DefaultListableBeanFactory     : Creating shared instance of singleton bean 'org.springframework.boot.autoconfigure.jdbc.DataSourceConfiguration$Hikari'
2024-10-07T00:01:05.267-03:00 DEBUG 14033 --- [duoc_usuarios] [           main] o.s.b.f.s.DefaultListableBeanFactory     : Creating shared instance of singleton bean 'spring.datasource-org.springframework.boot.autoconfigure.jdbc.DataSourceProperties'
2024-10-07T00:01:05.268-03:00 DEBUG 14033 --- [duoc_usuarios] [           main] o.s.b.f.s.DefaultListableBeanFactory     : Creating shared instance of singleton bean 'org.springframework.boot.context.properties.BoundConfigurationProperties'
2024-10-07T00:01:05.281-03:00 DEBUG 14033 --- [duoc_usuarios] [           main] o.s.b.f.s.DefaultListableBeanFactory     : Creating shared instance of singleton bean 'jdbcConnectionDetails'
2024-10-07T00:01:05.281-03:00 DEBUG 14033 --- [duoc_usuarios] [           main] o.s.b.f.s.DefaultListableBeanFactory     : Creating shared instance of singleton bean 'org.springframework.boot.autoconfigure.jdbc.DataSourceAutoConfiguration$PooledDataSourceConfiguration'
2024-10-07T00:01:05.281-03:00 DEBUG 14033 --- [duoc_usuarios] [           main] o.s.b.f.s.DefaultListableBeanFactory     : Autowiring by type from bean name 'jdbcConnectionDetails' via factory method to bean named 'spring.datasource-org.springframework.boot.autoconfigure.jdbc.DataSourceProperties'
2024-10-07T00:01:05.282-03:00 DEBUG 14033 --- [duoc_usuarios] [           main] o.s.b.f.s.DefaultListableBeanFactory     : Autowiring by type from bean name 'dataSource' via factory method to bean named 'spring.datasource-org.springframework.boot.autoconfigure.jdbc.DataSourceProperties'
2024-10-07T00:01:05.282-03:00 DEBUG 14033 --- [duoc_usuarios] [           main] o.s.b.f.s.DefaultListableBeanFactory     : Autowiring by type from bean name 'dataSource' via factory method to bean named 'jdbcConnectionDetails'
2024-10-07T00:01:05.380-03:00 DEBUG 14033 --- [duoc_usuarios] [           main] o.s.b.f.s.DefaultListableBeanFactory     : Creating shared instance of singleton bean 'spring.sql.init-org.springframework.boot.autoconfigure.sql.init.SqlInitializationProperties'
2024-10-07T00:01:05.382-03:00 DEBUG 14033 --- [duoc_usuarios] [           main] o.s.b.f.s.DefaultListableBeanFactory     : Autowiring by type from bean name 'dataSourceScriptDatabaseInitializer' via factory method to bean named 'dataSource'
2024-10-07T00:01:05.382-03:00 DEBUG 14033 --- [duoc_usuarios] [           main] o.s.b.f.s.DefaultListableBeanFactory     : Autowiring by type from bean name 'dataSourceScriptDatabaseInitializer' via factory method to bean named 'spring.sql.init-org.springframework.boot.autoconfigure.sql.init.SqlInitializationProperties'
2024-10-07T00:01:05.385-03:00 DEBUG 14033 --- [duoc_usuarios] [           main] o.s.b.f.s.DefaultListableBeanFactory     : Creating shared instance of singleton bean 'entityManagerFactory'
2024-10-07T00:01:05.385-03:00 DEBUG 14033 --- [duoc_usuarios] [           main] o.s.b.f.s.DefaultListableBeanFactory     : Creating shared instance of singleton bean 'org.springframework.boot.autoconfigure.orm.jpa.HibernateJpaConfiguration'
2024-10-07T00:01:05.386-03:00 DEBUG 14033 --- [duoc_usuarios] [           main] o.s.b.f.s.DefaultListableBeanFactory     : Creating shared instance of singleton bean 'spring.jpa-org.springframework.boot.autoconfigure.orm.jpa.JpaProperties'
2024-10-07T00:01:05.388-03:00 DEBUG 14033 --- [duoc_usuarios] [           main] o.s.b.f.s.DefaultListableBeanFactory     : Creating shared instance of singleton bean 'spring.jpa.hibernate-org.springframework.boot.autoconfigure.orm.jpa.HibernateProperties'
2024-10-07T00:01:05.389-03:00 DEBUG 14033 --- [duoc_usuarios] [           main] o.s.b.f.s.DefaultListableBeanFactory     : Autowiring by type from bean name 'org.springframework.boot.autoconfigure.orm.jpa.HibernateJpaConfiguration' via constructor to bean named 'dataSource'
2024-10-07T00:01:05.389-03:00 DEBUG 14033 --- [duoc_usuarios] [           main] o.s.b.f.s.DefaultListableBeanFactory     : Autowiring by type from bean name 'org.springframework.boot.autoconfigure.orm.jpa.HibernateJpaConfiguration' via constructor to bean named 'spring.jpa-org.springframework.boot.autoconfigure.orm.jpa.JpaProperties'
2024-10-07T00:01:05.389-03:00 DEBUG 14033 --- [duoc_usuarios] [           main] o.s.b.f.s.DefaultListableBeanFactory     : Autowiring by type from bean name 'org.springframework.boot.autoconfigure.orm.jpa.HibernateJpaConfiguration' via constructor to bean named 'org.springframework.beans.factory.support.DefaultListableBeanFactory@4d6f197e'
2024-10-07T00:01:05.389-03:00 DEBUG 14033 --- [duoc_usuarios] [           main] o.s.b.f.s.DefaultListableBeanFactory     : Autowiring by type from bean name 'org.springframework.boot.autoconfigure.orm.jpa.HibernateJpaConfiguration' via constructor to bean named 'spring.jpa.hibernate-org.springframework.boot.autoconfigure.orm.jpa.HibernateProperties'
2024-10-07T00:01:05.391-03:00 DEBUG 14033 --- [duoc_usuarios] [           main] o.s.b.f.s.DefaultListableBeanFactory     : Creating shared instance of singleton bean 'hikariPoolDataSourceMetadataProvider'
2024-10-07T00:01:05.391-03:00 DEBUG 14033 --- [duoc_usuarios] [           main] o.s.b.f.s.DefaultListableBeanFactory     : Creating shared instance of singleton bean 'org.springframework.boot.autoconfigure.jdbc.metadata.DataSourcePoolMetadataProvidersConfiguration$HikariPoolDataSourceMetadataProviderConfiguration'
2024-10-07T00:01:05.394-03:00 DEBUG 14033 --- [duoc_usuarios] [           main] o.s.b.f.s.DefaultListableBeanFactory     : Creating shared instance of singleton bean 'entityManagerFactoryBuilder'
2024-10-07T00:01:05.394-03:00 DEBUG 14033 --- [duoc_usuarios] [           main] o.s.b.f.s.DefaultListableBeanFactory     : Creating shared instance of singleton bean 'jpaVendorAdapter'
2024-10-07T00:01:05.400-03:00 DEBUG 14033 --- [duoc_usuarios] [           main] o.s.b.f.s.DefaultListableBeanFactory     : Autowiring by type from bean name 'entityManagerFactoryBuilder' via factory method to bean named 'jpaVendorAdapter'
2024-10-07T00:01:05.402-03:00 DEBUG 14033 --- [duoc_usuarios] [           main] o.s.b.f.s.DefaultListableBeanFactory     : Creating shared instance of singleton bean 'persistenceManagedTypes'
2024-10-07T00:01:05.402-03:00 DEBUG 14033 --- [duoc_usuarios] [           main] o.s.b.f.s.DefaultListableBeanFactory     : Autowiring by type from bean name 'persistenceManagedTypes' via factory method to bean named 'org.springframework.beans.factory.support.DefaultListableBeanFactory@4d6f197e'
2024-10-07T00:01:05.402-03:00 DEBUG 14033 --- [duoc_usuarios] [           main] o.s.b.f.s.DefaultListableBeanFactory     : Autowiring by type from bean name 'persistenceManagedTypes' via factory method to bean named 'org.springframework.context.annotation.AnnotationConfigApplicationContext@28f8e165'
2024-10-07T00:01:05.407-03:00 DEBUG 14033 --- [duoc_usuarios] [           main] o.s.b.f.s.DefaultListableBeanFactory     : Autowiring by type from bean name 'entityManagerFactory' via factory method to bean named 'entityManagerFactoryBuilder'
2024-10-07T00:01:05.407-03:00 DEBUG 14033 --- [duoc_usuarios] [           main] o.s.b.f.s.DefaultListableBeanFactory     : Autowiring by type from bean name 'entityManagerFactory' via factory method to bean named 'persistenceManagedTypes'
2024-10-07T00:01:05.414-03:00 DEBUG 14033 --- [duoc_usuarios] [           main] j.LocalContainerEntityManagerFactoryBean : Building JPA container EntityManagerFactory for persistence unit 'default'
2024-10-07T00:01:05.432-03:00 DEBUG 14033 --- [duoc_usuarios] [           main] o.hibernate.jpa.internal.util.LogHelper  : PersistenceUnitInfo [
	name: default
	persistence provider classname: null
	classloader: jdk.internal.loader.ClassLoaders$AppClassLoader@43e45247
	excludeUnlistedClasses: true
	JTA datasource: null
	Non JTA datasource: HikariDataSource (null)
	Transaction type: RESOURCE_LOCAL
	PU root URL: file:/Users/jonathanbernal/Documents/Duoc/FullStack/Week9/duoc_usuarios/target/test-classes/
	Shared Cache Mode: UNSPECIFIED
	Validation Mode: AUTO
	Jar files URLs []
	Managed classes names [
		com.nathan.duoc_usuarios.dto.UsuarioDto]
	Mapping files names []
	Properties []
2024-10-07T00:01:05.439-03:00 DEBUG 14033 --- [duoc_usuarios] [           main] o.h.i.internal.IntegratorServiceImpl     : Adding Integrator [org.hibernate.boot.beanvalidation.BeanValidationIntegrator].
2024-10-07T00:01:05.439-03:00 DEBUG 14033 --- [duoc_usuarios] [           main] o.h.i.internal.IntegratorServiceImpl     : Adding Integrator [org.hibernate.cache.internal.CollectionCacheInvalidator].
2024-10-07T00:01:05.460-03:00  INFO 14033 --- [duoc_usuarios] [           main] org.hibernate.Version                    : HHH000412: Hibernate ORM core version 6.5.3.Final
2024-10-07T00:01:05.460-03:00 DEBUG 14033 --- [duoc_usuarios] [           main] org.hibernate.cfg.Environment            : HHH000206: 'hibernate.properties' not found
2024-10-07T00:01:05.473-03:00 DEBUG 14033 --- [duoc_usuarios] [           main] org.hibernate.orm.idgen.factory          : Registering IdentifierGenerator strategy [uuid2] -> [org.hibernate.id.UUIDGenerator]
2024-10-07T00:01:05.473-03:00 DEBUG 14033 --- [duoc_usuarios] [           main] org.hibernate.orm.idgen.factory          : Registering IdentifierGenerator strategy [guid] -> [org.hibernate.id.GUIDGenerator]
2024-10-07T00:01:05.474-03:00 DEBUG 14033 --- [duoc_usuarios] [           main] org.hibernate.orm.idgen.factory          : Registering IdentifierGenerator strategy [uuid] -> [org.hibernate.id.UUIDHexGenerator]
2024-10-07T00:01:05.474-03:00 DEBUG 14033 --- [duoc_usuarios] [           main] org.hibernate.orm.idgen.factory          : Registering IdentifierGenerator strategy [uuid.hex] -> [org.hibernate.id.UUIDHexGenerator]
2024-10-07T00:01:05.474-03:00 DEBUG 14033 --- [duoc_usuarios] [           main] org.hibernate.orm.idgen.factory          : Registering IdentifierGenerator strategy [assigned] -> [org.hibernate.id.Assigned]
2024-10-07T00:01:05.475-03:00 DEBUG 14033 --- [duoc_usuarios] [           main] org.hibernate.orm.idgen.factory          : Registering IdentifierGenerator strategy [identity] -> [org.hibernate.id.IdentityGenerator]
2024-10-07T00:01:05.475-03:00 DEBUG 14033 --- [duoc_usuarios] [           main] org.hibernate.orm.idgen.factory          : Registering IdentifierGenerator strategy [select] -> [org.hibernate.id.SelectGenerator]
2024-10-07T00:01:05.475-03:00 DEBUG 14033 --- [duoc_usuarios] [           main] org.hibernate.orm.idgen.factory          : Registering IdentifierGenerator strategy [sequence] -> [org.hibernate.id.enhanced.SequenceStyleGenerator]
2024-10-07T00:01:05.476-03:00 DEBUG 14033 --- [duoc_usuarios] [           main] org.hibernate.orm.idgen.factory          : Registering IdentifierGenerator strategy [increment] -> [org.hibernate.id.IncrementGenerator]
2024-10-07T00:01:05.476-03:00 DEBUG 14033 --- [duoc_usuarios] [           main] org.hibernate.orm.idgen.factory          : Registering IdentifierGenerator strategy [foreign] -> [org.hibernate.id.ForeignGenerator]
2024-10-07T00:01:05.476-03:00 DEBUG 14033 --- [duoc_usuarios] [           main] org.hibernate.orm.idgen.factory          : Registering IdentifierGenerator strategy [enhanced-sequence] -> [org.hibernate.id.enhanced.SequenceStyleGenerator]
2024-10-07T00:01:05.476-03:00 DEBUG 14033 --- [duoc_usuarios] [           main] org.hibernate.orm.idgen.factory          : Registering IdentifierGenerator strategy [enhanced-table] -> [org.hibernate.id.enhanced.TableGenerator]
2024-10-07T00:01:05.480-03:00 DEBUG 14033 --- [duoc_usuarios] [           main] o.h.c.internal.RegionFactoryInitiator    : Cannot default RegionFactory based on registered strategies as `[]` RegionFactory strategies were registered
2024-10-07T00:01:05.480-03:00  INFO 14033 --- [duoc_usuarios] [           main] o.h.c.internal.RegionFactoryInitiator    : HHH000026: Second-level cache disabled
2024-10-07T00:01:05.524-03:00 DEBUG 14033 --- [duoc_usuarios] [           main] org.hibernate.type.BasicTypeRegistry     : Adding type registration boolean -> org.hibernate.type.BasicTypeReference@500051c5
2024-10-07T00:01:05.524-03:00 DEBUG 14033 --- [duoc_usuarios] [           main] org.hibernate.type.BasicTypeRegistry     : Adding type registration boolean -> org.hibernate.type.BasicTypeReference@500051c5
2024-10-07T00:01:05.524-03:00 DEBUG 14033 --- [duoc_usuarios] [           main] org.hibernate.type.BasicTypeRegistry     : Adding type registration java.lang.Boolean -> org.hibernate.type.BasicTypeReference@500051c5
2024-10-07T00:01:05.524-03:00 DEBUG 14033 --- [duoc_usuarios] [           main] org.hibernate.type.BasicTypeRegistry     : Adding type registration numeric_boolean -> org.hibernate.type.BasicTypeReference@ec7b5de
2024-10-07T00:01:05.524-03:00 DEBUG 14033 --- [duoc_usuarios] [           main] org.hibernate.type.BasicTypeRegistry     : Adding type registration org.hibernate.type.NumericBooleanConverter -> org.hibernate.type.BasicTypeReference@ec7b5de
2024-10-07T00:01:05.524-03:00 DEBUG 14033 --- [duoc_usuarios] [           main] org.hibernate.type.BasicTypeRegistry     : Adding type registration true_false -> org.hibernate.type.BasicTypeReference@4c19d42e
2024-10-07T00:01:05.524-03:00 DEBUG 14033 --- [duoc_usuarios] [           main] org.hibernate.type.BasicTypeRegistry     : Adding type registration org.hibernate.type.TrueFalseConverter -> org.hibernate.type.BasicTypeReference@4c19d42e
2024-10-07T00:01:05.524-03:00 DEBUG 14033 --- [duoc_usuarios] [           main] org.hibernate.type.BasicTypeRegistry     : Adding type registration yes_no -> org.hibernate.type.BasicTypeReference@373e6b9d
2024-10-07T00:01:05.524-03:00 DEBUG 14033 --- [duoc_usuarios] [           main] org.hibernate.type.BasicTypeRegistry     : Adding type registration org.hibernate.type.YesNoConverter -> org.hibernate.type.BasicTypeReference@373e6b9d
2024-10-07T00:01:05.524-03:00 DEBUG 14033 --- [duoc_usuarios] [           main] org.hibernate.type.BasicTypeRegistry     : Adding type registration byte -> org.hibernate.type.BasicTypeReference@65629ac6
2024-10-07T00:01:05.524-03:00 DEBUG 14033 --- [duoc_usuarios] [           main] org.hibernate.type.BasicTypeRegistry     : Adding type registration byte -> org.hibernate.type.BasicTypeReference@65629ac6
2024-10-07T00:01:05.525-03:00 DEBUG 14033 --- [duoc_usuarios] [           main] org.hibernate.type.BasicTypeRegistry     : Adding type registration java.lang.Byte -> org.hibernate.type.BasicTypeReference@65629ac6
2024-10-07T00:01:05.525-03:00 DEBUG 14033 --- [duoc_usuarios] [           main] org.hibernate.type.BasicTypeRegistry     : Adding type registration binary -> org.hibernate.type.BasicTypeReference@56b8aaf1
2024-10-07T00:01:05.525-03:00 DEBUG 14033 --- [duoc_usuarios] [           main] org.hibernate.type.BasicTypeRegistry     : Adding type registration byte[] -> org.hibernate.type.BasicTypeReference@56b8aaf1
2024-10-07T00:01:05.525-03:00 DEBUG 14033 --- [duoc_usuarios] [           main] org.hibernate.type.BasicTypeRegistry     : Adding type registration [B -> org.hibernate.type.BasicTypeReference@56b8aaf1
2024-10-07T00:01:05.525-03:00 DEBUG 14033 --- [duoc_usuarios] [           main] org.hibernate.type.BasicTypeRegistry     : Adding type registration binary_wrapper -> org.hibernate.type.BasicTypeReference@5482bcac
2024-10-07T00:01:05.525-03:00 DEBUG 14033 --- [duoc_usuarios] [           main] org.hibernate.type.BasicTypeRegistry     : Adding type registration wrapper-binary -> org.hibernate.type.BasicTypeReference@5482bcac
2024-10-07T00:01:05.525-03:00 DEBUG 14033 --- [duoc_usuarios] [           main] org.hibernate.type.BasicTypeRegistry     : Adding type registration image -> org.hibernate.type.BasicTypeReference@10244722
2024-10-07T00:01:05.525-03:00 DEBUG 14033 --- [duoc_usuarios] [           main] org.hibernate.type.BasicTypeRegistry     : Adding type registration blob -> org.hibernate.type.BasicTypeReference@61615b4a
2024-10-07T00:01:05.525-03:00 DEBUG 14033 --- [duoc_usuarios] [           main] org.hibernate.type.BasicTypeRegistry     : Adding type registration java.sql.Blob -> org.hibernate.type.BasicTypeReference@61615b4a
2024-10-07T00:01:05.525-03:00 DEBUG 14033 --- [duoc_usuarios] [           main] org.hibernate.type.BasicTypeRegistry     : Adding type registration materialized_blob -> org.hibernate.type.BasicTypeReference@721d8ab5
2024-10-07T00:01:05.525-03:00 DEBUG 14033 --- [duoc_usuarios] [           main] org.hibernate.type.BasicTypeRegistry     : Adding type registration materialized_blob_wrapper -> org.hibernate.type.BasicTypeReference@33bb3f86
2024-10-07T00:01:05.525-03:00 DEBUG 14033 --- [duoc_usuarios] [           main] org.hibernate.type.BasicTypeRegistry     : Adding type registration short -> org.hibernate.type.BasicTypeReference@1946384
2024-10-07T00:01:05.525-03:00 DEBUG 14033 --- [duoc_usuarios] [           main] org.hibernate.type.BasicTypeRegistry     : Adding type registration short -> org.hibernate.type.BasicTypeReference@1946384
2024-10-07T00:01:05.525-03:00 DEBUG 14033 --- [duoc_usuarios] [           main] org.hibernate.type.BasicTypeRegistry     : Adding type registration java.lang.Short -> org.hibernate.type.BasicTypeReference@1946384
2024-10-07T00:01:05.525-03:00 DEBUG 14033 --- [duoc_usuarios] [           main] org.hibernate.type.BasicTypeRegistry     : Adding type registration integer -> org.hibernate.type.BasicTypeReference@6ac4c3f7
2024-10-07T00:01:05.525-03:00 DEBUG 14033 --- [duoc_usuarios] [           main] org.hibernate.type.BasicTypeRegistry     : Adding type registration int -> org.hibernate.type.BasicTypeReference@6ac4c3f7
2024-10-07T00:01:05.525-03:00 DEBUG 14033 --- [duoc_usuarios] [           main] org.hibernate.type.BasicTypeRegistry     : Adding type registration java.lang.Integer -> org.hibernate.type.BasicTypeReference@6ac4c3f7
2024-10-07T00:01:05.525-03:00 DEBUG 14033 --- [duoc_usuarios] [           main] org.hibernate.type.BasicTypeRegistry     : Adding type registration long -> org.hibernate.type.BasicTypeReference@7412a438
2024-10-07T00:01:05.525-03:00 DEBUG 14033 --- [duoc_usuarios] [           main] org.hibernate.type.BasicTypeRegistry     : Adding type registration long -> org.hibernate.type.BasicTypeReference@7412a438
2024-10-07T00:01:05.525-03:00 DEBUG 14033 --- [duoc_usuarios] [           main] org.hibernate.type.BasicTypeRegistry     : Adding type registration java.lang.Long -> org.hibernate.type.BasicTypeReference@7412a438
2024-10-07T00:01:05.526-03:00 DEBUG 14033 --- [duoc_usuarios] [           main] org.hibernate.type.BasicTypeRegistry     : Adding type registration float -> org.hibernate.type.BasicTypeReference@1e3ff233
2024-10-07T00:01:05.526-03:00 DEBUG 14033 --- [duoc_usuarios] [           main] org.hibernate.type.BasicTypeRegistry     : Adding type registration float -> org.hibernate.type.BasicTypeReference@1e3ff233
2024-10-07T00:01:05.526-03:00 DEBUG 14033 --- [duoc_usuarios] [           main] org.hibernate.type.BasicTypeRegistry     : Adding type registration java.lang.Float -> org.hibernate.type.BasicTypeReference@1e3ff233
2024-10-07T00:01:05.526-03:00 DEBUG 14033 --- [duoc_usuarios] [           main] org.hibernate.type.BasicTypeRegistry     : Adding type registration double -> org.hibernate.type.BasicTypeReference@3c952a33
2024-10-07T00:01:05.526-03:00 DEBUG 14033 --- [duoc_usuarios] [           main] org.hibernate.type.BasicTypeRegistry     : Adding type registration double -> org.hibernate.type.BasicTypeReference@3c952a33
2024-10-07T00:01:05.526-03:00 DEBUG 14033 --- [duoc_usuarios] [           main] org.hibernate.type.BasicTypeRegistry     : Adding type registration java.lang.Double -> org.hibernate.type.BasicTypeReference@3c952a33
2024-10-07T00:01:05.526-03:00 DEBUG 14033 --- [duoc_usuarios] [           main] org.hibernate.type.BasicTypeRegistry     : Adding type registration big_integer -> org.hibernate.type.BasicTypeReference@70029d2d
2024-10-07T00:01:05.526-03:00 DEBUG 14033 --- [duoc_usuarios] [           main] org.hibernate.type.BasicTypeRegistry     : Adding type registration java.math.BigInteger -> org.hibernate.type.BasicTypeReference@70029d2d
2024-10-07T00:01:05.526-03:00 DEBUG 14033 --- [duoc_usuarios] [           main] org.hibernate.type.BasicTypeRegistry     : Adding type registration big_decimal -> org.hibernate.type.BasicTypeReference@1150d471
2024-10-07T00:01:05.526-03:00 DEBUG 14033 --- [duoc_usuarios] [           main] org.hibernate.type.BasicTypeRegistry     : Adding type registration java.math.BigDecimal -> org.hibernate.type.BasicTypeReference@1150d471
2024-10-07T00:01:05.526-03:00 DEBUG 14033 --- [duoc_usuarios] [           main] org.hibernate.type.BasicTypeRegistry     : Adding type registration character -> org.hibernate.type.BasicTypeReference@709f0202
2024-10-07T00:01:05.526-03:00 DEBUG 14033 --- [duoc_usuarios] [           main] org.hibernate.type.BasicTypeRegistry     : Adding type registration char -> org.hibernate.type.BasicTypeReference@709f0202
2024-10-07T00:01:05.526-03:00 DEBUG 14033 --- [duoc_usuarios] [           main] org.hibernate.type.BasicTypeRegistry     : Adding type registration java.lang.Character -> org.hibernate.type.BasicTypeReference@709f0202
2024-10-07T00:01:05.526-03:00 DEBUG 14033 --- [duoc_usuarios] [           main] org.hibernate.type.BasicTypeRegistry     : Adding type registration character_nchar -> org.hibernate.type.BasicTypeReference@654e6a90
2024-10-07T00:01:05.526-03:00 DEBUG 14033 --- [duoc_usuarios] [           main] org.hibernate.type.BasicTypeRegistry     : Adding type registration string -> org.hibernate.type.BasicTypeReference@14168e1
2024-10-07T00:01:05.526-03:00 DEBUG 14033 --- [duoc_usuarios] [           main] org.hibernate.type.BasicTypeRegistry     : Adding type registration java.lang.String -> org.hibernate.type.BasicTypeReference@14168e1
2024-10-07T00:01:05.526-03:00 DEBUG 14033 --- [duoc_usuarios] [           main] org.hibernate.type.BasicTypeRegistry     : Adding type registration nstring -> org.hibernate.type.BasicTypeReference@16a5c7e4
2024-10-07T00:01:05.526-03:00 DEBUG 14033 --- [duoc_usuarios] [           main] org.hibernate.type.BasicTypeRegistry     : Adding type registration characters -> org.hibernate.type.BasicTypeReference@1e225820
2024-10-07T00:01:05.526-03:00 DEBUG 14033 --- [duoc_usuarios] [           main] org.hibernate.type.BasicTypeRegistry     : Adding type registration char[] -> org.hibernate.type.BasicTypeReference@1e225820
2024-10-07T00:01:05.526-03:00 DEBUG 14033 --- [duoc_usuarios] [           main] org.hibernate.type.BasicTypeRegistry     : Adding type registration [C -> org.hibernate.type.BasicTypeReference@1e225820
2024-10-07T00:01:05.526-03:00 DEBUG 14033 --- [duoc_usuarios] [           main] org.hibernate.type.BasicTypeRegistry     : Adding type registration wrapper-characters -> org.hibernate.type.BasicTypeReference@8aeab9e
2024-10-07T00:01:05.527-03:00 DEBUG 14033 --- [duoc_usuarios] [           main] org.hibernate.type.BasicTypeRegistry     : Adding type registration text -> org.hibernate.type.BasicTypeReference@2a2dc0a
2024-10-07T00:01:05.527-03:00 DEBUG 14033 --- [duoc_usuarios] [           main] org.hibernate.type.BasicTypeRegistry     : Adding type registration ntext -> org.hibernate.type.BasicTypeReference@3a00b15d
2024-10-07T00:01:05.527-03:00 DEBUG 14033 --- [duoc_usuarios] [           main] org.hibernate.type.BasicTypeRegistry     : Adding type registration clob -> org.hibernate.type.BasicTypeReference@36ef1d65
2024-10-07T00:01:05.527-03:00 DEBUG 14033 --- [duoc_usuarios] [           main] org.hibernate.type.BasicTypeRegistry     : Adding type registration java.sql.Clob -> org.hibernate.type.BasicTypeReference@36ef1d65
2024-10-07T00:01:05.527-03:00 DEBUG 14033 --- [duoc_usuarios] [           main] org.hibernate.type.BasicTypeRegistry     : Adding type registration nclob -> org.hibernate.type.BasicTypeReference@4be0a27d
2024-10-07T00:01:05.527-03:00 DEBUG 14033 --- [duoc_usuarios] [           main] org.hibernate.type.BasicTypeRegistry     : Adding type registration java.sql.NClob -> org.hibernate.type.BasicTypeReference@4be0a27d
2024-10-07T00:01:05.527-03:00 DEBUG 14033 --- [duoc_usuarios] [           main] org.hibernate.type.BasicTypeRegistry     : Adding type registration materialized_clob -> org.hibernate.type.BasicTypeReference@5f366587
2024-10-07T00:01:05.527-03:00 DEBUG 14033 --- [duoc_usuarios] [           main] org.hibernate.type.BasicTypeRegistry     : Adding type registration materialized_clob_char_array -> org.hibernate.type.BasicTypeReference@6003ad65
2024-10-07T00:01:05.527-03:00 DEBUG 14033 --- [duoc_usuarios] [           main] org.hibernate.type.BasicTypeRegistry     : Adding type registration materialized_clob_character_array -> org.hibernate.type.BasicTypeReference@2ec99035
2024-10-07T00:01:05.527-03:00 DEBUG 14033 --- [duoc_usuarios] [           main] org.hibernate.type.BasicTypeRegistry     : Adding type registration materialized_nclob -> org.hibernate.type.BasicTypeReference@60743cdb
2024-10-07T00:01:05.527-03:00 DEBUG 14033 --- [duoc_usuarios] [           main] org.hibernate.type.BasicTypeRegistry     : Adding type registration materialized_nclob_character_array -> org.hibernate.type.BasicTypeReference@c02670f
2024-10-07T00:01:05.527-03:00 DEBUG 14033 --- [duoc_usuarios] [           main] org.hibernate.type.BasicTypeRegistry     : Adding type registration materialized_nclob_char_array -> org.hibernate.type.BasicTypeReference@71179b6f
2024-10-07T00:01:05.527-03:00 DEBUG 14033 --- [duoc_usuarios] [           main] org.hibernate.type.BasicTypeRegistry     : Adding type registration Duration -> org.hibernate.type.BasicTypeReference@13bdf540
2024-10-07T00:01:05.527-03:00 DEBUG 14033 --- [duoc_usuarios] [           main] org.hibernate.type.BasicTypeRegistry     : Adding type registration java.time.Duration -> org.hibernate.type.BasicTypeReference@13bdf540
2024-10-07T00:01:05.527-03:00 DEBUG 14033 --- [duoc_usuarios] [           main] org.hibernate.type.BasicTypeRegistry     : Adding type registration LocalDateTime -> org.hibernate.type.BasicTypeReference@526e8108
2024-10-07T00:01:05.527-03:00 DEBUG 14033 --- [duoc_usuarios] [           main] org.hibernate.type.BasicTypeRegistry     : Adding type registration java.time.LocalDateTime -> org.hibernate.type.BasicTypeReference@526e8108
2024-10-07T00:01:05.527-03:00 DEBUG 14033 --- [duoc_usuarios] [           main] org.hibernate.type.BasicTypeRegistry     : Adding type registration LocalDate -> org.hibernate.type.BasicTypeReference@4dcbae55
2024-10-07T00:01:05.527-03:00 DEBUG 14033 --- [duoc_usuarios] [           main] org.hibernate.type.BasicTypeRegistry     : Adding type registration java.time.LocalDate -> org.hibernate.type.BasicTypeReference@4dcbae55
2024-10-07T00:01:05.527-03:00 DEBUG 14033 --- [duoc_usuarios] [           main] org.hibernate.type.BasicTypeRegistry     : Adding type registration LocalTime -> org.hibernate.type.BasicTypeReference@4a9860
2024-10-07T00:01:05.527-03:00 DEBUG 14033 --- [duoc_usuarios] [           main] org.hibernate.type.BasicTypeRegistry     : Adding type registration java.time.LocalTime -> org.hibernate.type.BasicTypeReference@4a9860
2024-10-07T00:01:05.527-03:00 DEBUG 14033 --- [duoc_usuarios] [           main] org.hibernate.type.BasicTypeRegistry     : Adding type registration OffsetDateTime -> org.hibernate.type.BasicTypeReference@7ca16adc
2024-10-07T00:01:05.527-03:00 DEBUG 14033 --- [duoc_usuarios] [           main] org.hibernate.type.BasicTypeRegistry     : Adding type registration java.time.OffsetDateTime -> org.hibernate.type.BasicTypeReference@7ca16adc
2024-10-07T00:01:05.527-03:00 DEBUG 14033 --- [duoc_usuarios] [           main] org.hibernate.type.BasicTypeRegistry     : Adding type registration OffsetDateTimeWithTimezone -> org.hibernate.type.BasicTypeReference@5ae1c281
2024-10-07T00:01:05.528-03:00 DEBUG 14033 --- [duoc_usuarios] [           main] org.hibernate.type.BasicTypeRegistry     : Adding type registration OffsetDateTimeWithoutTimezone -> org.hibernate.type.BasicTypeReference@4ac8768e
2024-10-07T00:01:05.528-03:00 DEBUG 14033 --- [duoc_usuarios] [           main] org.hibernate.type.BasicTypeRegistry     : Adding type registration OffsetTime -> org.hibernate.type.BasicTypeReference@1e957e2f
2024-10-07T00:01:05.528-03:00 DEBUG 14033 --- [duoc_usuarios] [           main] org.hibernate.type.BasicTypeRegistry     : Adding type registration java.time.OffsetTime -> org.hibernate.type.BasicTypeReference@1e957e2f
2024-10-07T00:01:05.528-03:00 DEBUG 14033 --- [duoc_usuarios] [           main] org.hibernate.type.BasicTypeRegistry     : Adding type registration OffsetTimeUtc -> org.hibernate.type.BasicTypeReference@691500ab
2024-10-07T00:01:05.528-03:00 DEBUG 14033 --- [duoc_usuarios] [           main] org.hibernate.type.BasicTypeRegistry     : Adding type registration OffsetTimeWithTimezone -> org.hibernate.type.BasicTypeReference@3db432c2
2024-10-07T00:01:05.528-03:00 DEBUG 14033 --- [duoc_usuarios] [           main] org.hibernate.type.BasicTypeRegistry     : Adding type registration OffsetTimeWithoutTimezone -> org.hibernate.type.BasicTypeReference@34414ffc
2024-10-07T00:01:05.528-03:00 DEBUG 14033 --- [duoc_usuarios] [           main] org.hibernate.type.BasicTypeRegistry     : Adding type registration ZonedDateTime -> org.hibernate.type.BasicTypeReference@1903b5d
2024-10-07T00:01:05.528-03:00 DEBUG 14033 --- [duoc_usuarios] [           main] org.hibernate.type.BasicTypeRegistry     : Adding type registration java.time.ZonedDateTime -> org.hibernate.type.BasicTypeReference@1903b5d
2024-10-07T00:01:05.528-03:00 DEBUG 14033 --- [duoc_usuarios] [           main] org.hibernate.type.BasicTypeRegistry     : Adding type registration ZonedDateTimeWithTimezone -> org.hibernate.type.BasicTypeReference@4041739c
2024-10-07T00:01:05.528-03:00 DEBUG 14033 --- [duoc_usuarios] [           main] org.hibernate.type.BasicTypeRegistry     : Adding type registration ZonedDateTimeWithoutTimezone -> org.hibernate.type.BasicTypeReference@5cff6b74
2024-10-07T00:01:05.528-03:00 DEBUG 14033 --- [duoc_usuarios] [           main] org.hibernate.type.BasicTypeRegistry     : Adding type registration date -> org.hibernate.type.BasicTypeReference@627ff1b8
2024-10-07T00:01:05.528-03:00 DEBUG 14033 --- [duoc_usuarios] [           main] org.hibernate.type.BasicTypeRegistry     : Adding type registration java.sql.Date -> org.hibernate.type.BasicTypeReference@627ff1b8
2024-10-07T00:01:05.528-03:00 DEBUG 14033 --- [duoc_usuarios] [           main] org.hibernate.type.BasicTypeRegistry     : Adding type registration time -> org.hibernate.type.BasicTypeReference@62b57479
2024-10-07T00:01:05.528-03:00 DEBUG 14033 --- [duoc_usuarios] [           main] org.hibernate.type.BasicTypeRegistry     : Adding type registration java.sql.Time -> org.hibernate.type.BasicTypeReference@62b57479
2024-10-07T00:01:05.528-03:00 DEBUG 14033 --- [duoc_usuarios] [           main] org.hibernate.type.BasicTypeRegistry     : Adding type registration timestamp -> org.hibernate.type.BasicTypeReference@29a33620
2024-10-07T00:01:05.528-03:00 DEBUG 14033 --- [duoc_usuarios] [           main] org.hibernate.type.BasicTypeRegistry     : Adding type registration java.sql.Timestamp -> org.hibernate.type.BasicTypeReference@29a33620
2024-10-07T00:01:05.528-03:00 DEBUG 14033 --- [duoc_usuarios] [           main] org.hibernate.type.BasicTypeRegistry     : Adding type registration java.util.Date -> org.hibernate.type.BasicTypeReference@29a33620
2024-10-07T00:01:05.528-03:00 DEBUG 14033 --- [duoc_usuarios] [           main] org.hibernate.type.BasicTypeRegistry     : Adding type registration calendar -> org.hibernate.type.BasicTypeReference@ea04cab
2024-10-07T00:01:05.528-03:00 DEBUG 14033 --- [duoc_usuarios] [           main] org.hibernate.type.BasicTypeRegistry     : Adding type registration java.util.Calendar -> org.hibernate.type.BasicTypeReference@ea04cab
2024-10-07T00:01:05.528-03:00 DEBUG 14033 --- [duoc_usuarios] [           main] org.hibernate.type.BasicTypeRegistry     : Adding type registration java.util.GregorianCalendar -> org.hibernate.type.BasicTypeReference@ea04cab
2024-10-07T00:01:05.529-03:00 DEBUG 14033 --- [duoc_usuarios] [           main] org.hibernate.type.BasicTypeRegistry     : Adding type registration calendar_date -> org.hibernate.type.BasicTypeReference@134f8ef6
2024-10-07T00:01:05.529-03:00 DEBUG 14033 --- [duoc_usuarios] [           main] org.hibernate.type.BasicTypeRegistry     : Adding type registration calendar_time -> org.hibernate.type.BasicTypeReference@6a32191e
2024-10-07T00:01:05.529-03:00 DEBUG 14033 --- [duoc_usuarios] [           main] org.hibernate.type.BasicTypeRegistry     : Adding type registration instant -> org.hibernate.type.BasicTypeReference@66fbc5e7
2024-10-07T00:01:05.529-03:00 DEBUG 14033 --- [duoc_usuarios] [           main] org.hibernate.type.BasicTypeRegistry     : Adding type registration java.time.Instant -> org.hibernate.type.BasicTypeReference@66fbc5e7
2024-10-07T00:01:05.529-03:00 DEBUG 14033 --- [duoc_usuarios] [           main] org.hibernate.type.BasicTypeRegistry     : Adding type registration uuid -> org.hibernate.type.BasicTypeReference@9accff0
2024-10-07T00:01:05.529-03:00 DEBUG 14033 --- [duoc_usuarios] [           main] org.hibernate.type.BasicTypeRegistry     : Adding type registration java.util.UUID -> org.hibernate.type.BasicTypeReference@9accff0
2024-10-07T00:01:05.529-03:00 DEBUG 14033 --- [duoc_usuarios] [           main] org.hibernate.type.BasicTypeRegistry     : Adding type registration pg-uuid -> org.hibernate.type.BasicTypeReference@9accff0
2024-10-07T00:01:05.529-03:00 DEBUG 14033 --- [duoc_usuarios] [           main] org.hibernate.type.BasicTypeRegistry     : Adding type registration uuid-binary -> org.hibernate.type.BasicTypeReference@52559a69
2024-10-07T00:01:05.529-03:00 DEBUG 14033 --- [duoc_usuarios] [           main] org.hibernate.type.BasicTypeRegistry     : Adding type registration uuid-char -> org.hibernate.type.BasicTypeReference@285583d4
2024-10-07T00:01:05.529-03:00 DEBUG 14033 --- [duoc_usuarios] [           main] org.hibernate.type.BasicTypeRegistry     : Adding type registration class -> org.hibernate.type.BasicTypeReference@1039bfc4
2024-10-07T00:01:05.529-03:00 DEBUG 14033 --- [duoc_usuarios] [           main] org.hibernate.type.BasicTypeRegistry     : Adding type registration java.lang.Class -> org.hibernate.type.BasicTypeReference@1039bfc4
2024-10-07T00:01:05.529-03:00 DEBUG 14033 --- [duoc_usuarios] [           main] org.hibernate.type.BasicTypeRegistry     : Adding type registration currency -> org.hibernate.type.BasicTypeReference@7f85217c
2024-10-07T00:01:05.529-03:00 DEBUG 14033 --- [duoc_usuarios] [           main] org.hibernate.type.BasicTypeRegistry     : Adding type registration Currency -> org.hibernate.type.BasicTypeReference@7f85217c
2024-10-07T00:01:05.529-03:00 DEBUG 14033 --- [duoc_usuarios] [           main] org.hibernate.type.BasicTypeRegistry     : Adding type registration java.util.Currency -> org.hibernate.type.BasicTypeReference@7f85217c
2024-10-07T00:01:05.529-03:00 DEBUG 14033 --- [duoc_usuarios] [           main] org.hibernate.type.BasicTypeRegistry     : Adding type registration locale -> org.hibernate.type.BasicTypeReference@1fd7a37
2024-10-07T00:01:05.529-03:00 DEBUG 14033 --- [duoc_usuarios] [           main] org.hibernate.type.BasicTypeRegistry     : Adding type registration java.util.Locale -> org.hibernate.type.BasicTypeReference@1fd7a37
2024-10-07T00:01:05.529-03:00 DEBUG 14033 --- [duoc_usuarios] [           main] org.hibernate.type.BasicTypeRegistry     : Adding type registration serializable -> org.hibernate.type.BasicTypeReference@5b202ff
2024-10-07T00:01:05.529-03:00 DEBUG 14033 --- [duoc_usuarios] [           main] org.hibernate.type.BasicTypeRegistry     : Adding type registration java.io.Serializable -> org.hibernate.type.BasicTypeReference@5b202ff
2024-10-07T00:01:05.529-03:00 DEBUG 14033 --- [duoc_usuarios] [           main] org.hibernate.type.BasicTypeRegistry     : Adding type registration timezone -> org.hibernate.type.BasicTypeReference@58a84a12
2024-10-07T00:01:05.529-03:00 DEBUG 14033 --- [duoc_usuarios] [           main] org.hibernate.type.BasicTypeRegistry     : Adding type registration java.util.TimeZone -> org.hibernate.type.BasicTypeReference@58a84a12
2024-10-07T00:01:05.529-03:00 DEBUG 14033 --- [duoc_usuarios] [           main] org.hibernate.type.BasicTypeRegistry     : Adding type registration ZoneOffset -> org.hibernate.type.BasicTypeReference@e700eba
2024-10-07T00:01:05.529-03:00 DEBUG 14033 --- [duoc_usuarios] [           main] org.hibernate.type.BasicTypeRegistry     : Adding type registration java.time.ZoneOffset -> org.hibernate.type.BasicTypeReference@e700eba
2024-10-07T00:01:05.530-03:00 DEBUG 14033 --- [duoc_usuarios] [           main] org.hibernate.type.BasicTypeRegistry     : Adding type registration url -> org.hibernate.type.BasicTypeReference@6436e181
2024-10-07T00:01:05.530-03:00 DEBUG 14033 --- [duoc_usuarios] [           main] org.hibernate.type.BasicTypeRegistry     : Adding type registration java.net.URL -> org.hibernate.type.BasicTypeReference@6436e181
2024-10-07T00:01:05.530-03:00 DEBUG 14033 --- [duoc_usuarios] [           main] org.hibernate.type.BasicTypeRegistry     : Adding type registration vector -> org.hibernate.type.BasicTypeReference@7186b202
2024-10-07T00:01:05.530-03:00 DEBUG 14033 --- [duoc_usuarios] [           main] org.hibernate.type.BasicTypeRegistry     : Adding type registration row_version -> org.hibernate.type.BasicTypeReference@6b649efa
2024-10-07T00:01:05.532-03:00 DEBUG 14033 --- [duoc_usuarios] [           main] org.hibernate.type.BasicTypeRegistry     : Adding type registration object -> org.hibernate.type.JavaObjectType@5a7df831
2024-10-07T00:01:05.532-03:00 DEBUG 14033 --- [duoc_usuarios] [           main] org.hibernate.type.BasicTypeRegistry     : Adding type registration java.lang.Object -> org.hibernate.type.JavaObjectType@5a7df831
2024-10-07T00:01:05.533-03:00 DEBUG 14033 --- [duoc_usuarios] [           main] org.hibernate.type.BasicTypeRegistry     : Adding type registration null -> org.hibernate.type.NullType@604d23fa
2024-10-07T00:01:05.533-03:00 DEBUG 14033 --- [duoc_usuarios] [           main] org.hibernate.type.BasicTypeRegistry     : Adding type registration imm_date -> org.hibernate.type.BasicTypeReference@1cc8416a
2024-10-07T00:01:05.533-03:00 DEBUG 14033 --- [duoc_usuarios] [           main] org.hibernate.type.BasicTypeRegistry     : Adding type registration imm_time -> org.hibernate.type.BasicTypeReference@331ff3ac
2024-10-07T00:01:05.533-03:00 DEBUG 14033 --- [duoc_usuarios] [           main] org.hibernate.type.BasicTypeRegistry     : Adding type registration imm_timestamp -> org.hibernate.type.BasicTypeReference@2e5e6fc4
2024-10-07T00:01:05.533-03:00 DEBUG 14033 --- [duoc_usuarios] [           main] org.hibernate.type.BasicTypeRegistry     : Adding type registration imm_calendar -> org.hibernate.type.BasicTypeReference@2785db06
2024-10-07T00:01:05.533-03:00 DEBUG 14033 --- [duoc_usuarios] [           main] org.hibernate.type.BasicTypeRegistry     : Adding type registration imm_calendar_date -> org.hibernate.type.BasicTypeReference@79980d8d
2024-10-07T00:01:05.533-03:00 DEBUG 14033 --- [duoc_usuarios] [           main] org.hibernate.type.BasicTypeRegistry     : Adding type registration imm_calendar_time -> org.hibernate.type.BasicTypeReference@35d60381
2024-10-07T00:01:05.533-03:00 DEBUG 14033 --- [duoc_usuarios] [           main] org.hibernate.type.BasicTypeRegistry     : Adding type registration imm_binary -> org.hibernate.type.BasicTypeReference@68ab6ab0
2024-10-07T00:01:05.533-03:00 DEBUG 14033 --- [duoc_usuarios] [           main] org.hibernate.type.BasicTypeRegistry     : Adding type registration imm_serializable -> org.hibernate.type.BasicTypeReference@61ffd148
2024-10-07T00:01:05.535-03:00 DEBUG 14033 --- [duoc_usuarios] [           main] o.h.boot.internal.BootstrapContextImpl   : Injecting JPA temp ClassLoader [org.springframework.instrument.classloading.SimpleThrowawayClassLoader@3c232051] into BootstrapContext; was [null]
2024-10-07T00:01:05.535-03:00 DEBUG 14033 --- [duoc_usuarios] [           main] o.h.boot.internal.ClassLoaderAccessImpl  : ClassLoaderAccessImpl#injectTempClassLoader(org.springframework.instrument.classloading.SimpleThrowawayClassLoader@3c232051) [was null]
2024-10-07T00:01:05.535-03:00 DEBUG 14033 --- [duoc_usuarios] [           main] o.h.boot.internal.BootstrapContextImpl   : Injecting ScanEnvironment [org.hibernate.jpa.boot.internal.StandardJpaScanEnvironmentImpl@4130a648] into BootstrapContext; was [null]
2024-10-07T00:01:05.535-03:00 DEBUG 14033 --- [duoc_usuarios] [           main] o.h.boot.internal.BootstrapContextImpl   : Injecting ScanOptions [org.hibernate.boot.archive.scan.internal.StandardScanOptions@61ff6a49] into BootstrapContext; was [org.hibernate.boot.archive.scan.internal.StandardScanOptions@18dd5ed3]
2024-10-07T00:01:05.646-03:00  INFO 14033 --- [duoc_usuarios] [           main] o.s.o.j.p.SpringPersistenceUnitInfo      : No LoadTimeWeaver setup: ignoring JPA class transformer
2024-10-07T00:01:05.647-03:00 DEBUG 14033 --- [duoc_usuarios] [           main] o.h.boot.internal.BootstrapContextImpl   : Injecting JPA temp ClassLoader [null] into BootstrapContext; was [org.springframework.instrument.classloading.SimpleThrowawayClassLoader@3c232051]
2024-10-07T00:01:05.647-03:00 DEBUG 14033 --- [duoc_usuarios] [           main] o.h.boot.internal.ClassLoaderAccessImpl  : ClassLoaderAccessImpl#injectTempClassLoader(null) [was org.springframework.instrument.classloading.SimpleThrowawayClassLoader@3c232051]
2024-10-07T00:01:05.662-03:00  INFO 14033 --- [duoc_usuarios] [           main] com.zaxxer.hikari.HikariDataSource       : HikariPool-1 - Starting...
2024-10-07T00:01:05.665-03:00  WARN 14033 --- [duoc_usuarios] [           main] c.zaxxer.hikari.util.DriverDataSource    : Registered driver with driverClassName=oracle.jdbc.driver.OracleDriver was not found, trying direct instantiation.
2024-10-07T00:01:06.588-03:00  INFO 14033 --- [duoc_usuarios] [           main] com.zaxxer.hikari.pool.HikariPool        : HikariPool-1 - Added connection oracle.jdbc.driver.T4CConnection@133aacbe
2024-10-07T00:01:06.589-03:00  INFO 14033 --- [duoc_usuarios] [           main] com.zaxxer.hikari.HikariDataSource       : HikariPool-1 - Start completed.
2024-10-07T00:01:06.591-03:00 DEBUG 14033 --- [duoc_usuarios] [           main] o.h.e.j.e.i.JdbcEnvironmentInitiator     : Database ->
	   name : Oracle
	version : Oracle Database 23ai Enterprise Edition Release 23.0.0.0.0 - Production
Version 23.6.0.24.07
	  major : 23
	  minor : 0
2024-10-07T00:01:06.591-03:00 DEBUG 14033 --- [duoc_usuarios] [           main] o.h.e.j.e.i.JdbcEnvironmentInitiator     : Driver ->
	   name : Oracle JDBC driver
	version : 21.9.0.0.0
	  major : 21
	  minor : 9
2024-10-07T00:01:06.591-03:00 DEBUG 14033 --- [duoc_usuarios] [           main] o.h.e.j.e.i.JdbcEnvironmentInitiator     : JDBC version : 4.3
2024-10-07T00:01:06.675-03:00  WARN 14033 --- [duoc_usuarios] [           main] org.hibernate.orm.deprecation            : HHH90000025: OracleDialect does not need to be specified explicitly using 'hibernate.dialect' (remove the property setting and it will be selected by default)
2024-10-07T00:01:06.675-03:00 DEBUG 14033 --- [duoc_usuarios] [           main] org.hibernate.orm.dialect                : HHH035001: Using dialect: org.hibernate.dialect.OracleDialect, version: 23.0
2024-10-07T00:01:06.730-03:00 DEBUG 14033 --- [duoc_usuarios] [           main] o.h.t.d.jdbc.spi.JdbcTypeRegistry        : addDescriptor(NCharTypeDescriptor) replaced previous registration(CharTypeDescriptor)
2024-10-07T00:01:06.730-03:00 DEBUG 14033 --- [duoc_usuarios] [           main] o.h.t.d.jdbc.spi.JdbcTypeRegistry        : addDescriptor(NVarcharTypeDescriptor) replaced previous registration(VarcharTypeDescriptor)
2024-10-07T00:01:06.730-03:00 DEBUG 14033 --- [duoc_usuarios] [           main] o.h.t.d.jdbc.spi.JdbcTypeRegistry        : addDescriptor(LongNVarcharTypeDescriptor) replaced previous registration(LongVarcharTypeDescriptor)
2024-10-07T00:01:06.731-03:00 DEBUG 14033 --- [duoc_usuarios] [           main] o.h.t.d.jdbc.spi.JdbcTypeRegistry        : addDescriptor(NClobTypeDescriptor(DEFAULT)) replaced previous registration(ClobTypeDescriptor(DEFAULT))
2024-10-07T00:01:06.733-03:00 DEBUG 14033 --- [duoc_usuarios] [           main] o.h.t.d.jdbc.spi.JdbcTypeRegistry        : addDescriptor(2005, ClobTypeDescriptor(STREAM_BINDING)) replaced previous registration(ClobTypeDescriptor(DEFAULT))
2024-10-07T00:01:06.734-03:00 DEBUG 14033 --- [duoc_usuarios] [           main] o.h.t.d.jdbc.spi.JdbcTypeRegistry        : addDescriptor(BooleanTypeDescriptor) replaced previous registration(BooleanTypeDescriptor)
2024-10-07T00:01:06.737-03:00 DEBUG 14033 --- [duoc_usuarios] [           main] org.hibernate.type.BasicTypeRegistry     : Adding type registration null -> org.hibernate.type.NullType@12a6e8ed
2024-10-07T00:01:06.737-03:00 DEBUG 14033 --- [duoc_usuarios] [           main] org.hibernate.type.BasicTypeRegistry     : Type registration key [null] overrode previous entry : `org.hibernate.type.NullType@604d23fa`
2024-10-07T00:01:06.737-03:00 DEBUG 14033 --- [duoc_usuarios] [           main] org.hibernate.type.BasicTypeRegistry     : Adding type registration JAVA_OBJECT -> org.hibernate.type.JavaObjectType@5996d6f2
2024-10-07T00:01:06.737-03:00 DEBUG 14033 --- [duoc_usuarios] [           main] org.hibernate.type.BasicTypeRegistry     : Adding type registration java.lang.Object -> org.hibernate.type.JavaObjectType@5996d6f2
2024-10-07T00:01:06.737-03:00 DEBUG 14033 --- [duoc_usuarios] [           main] org.hibernate.type.BasicTypeRegistry     : Type registration key [java.lang.Object] overrode previous entry : `org.hibernate.type.JavaObjectType@5a7df831`
2024-10-07T00:01:06.740-03:00 DEBUG 14033 --- [duoc_usuarios] [           main] org.hibernate.type.BasicTypeRegistry     : Adding type registration org.hibernate.type.DurationType -> basicType@1(java.time.Duration,3015)
2024-10-07T00:01:06.740-03:00 DEBUG 14033 --- [duoc_usuarios] [           main] org.hibernate.type.BasicTypeRegistry     : Adding type registration Duration -> basicType@1(java.time.Duration,3015)
2024-10-07T00:01:06.740-03:00 DEBUG 14033 --- [duoc_usuarios] [           main] org.hibernate.type.BasicTypeRegistry     : Adding type registration java.time.Duration -> basicType@1(java.time.Duration,3015)
2024-10-07T00:01:06.741-03:00 DEBUG 14033 --- [duoc_usuarios] [           main] o.h.type.spi.TypeConfiguration$Scope     : Scoping TypeConfiguration [org.hibernate.type.spi.TypeConfiguration@6b030101] to MetadataBuildingContext [org.hibernate.boot.internal.MetadataBuildingContextRootImpl@60a4e619]
2024-10-07T00:01:06.760-03:00 DEBUG 14033 --- [duoc_usuarios] [           main] o.h.boot.model.relational.Namespace      : Created database namespace [logicalName=Name{catalog=null, schema=null}, physicalName=Name{catalog=null, schema=null}]
2024-10-07T00:01:06.774-03:00 DEBUG 14033 --- [duoc_usuarios] [           main] o.h.boot.model.internal.EntityBinder     : Binding entity from annotated class: com.nathan.duoc_usuarios.dto.UsuarioDto
2024-10-07T00:01:06.777-03:00 DEBUG 14033 --- [duoc_usuarios] [           main] o.h.boot.model.internal.EntityBinder     : Import with entity name UsuarioDto
2024-10-07T00:01:06.780-03:00 DEBUG 14033 --- [duoc_usuarios] [           main] o.h.boot.model.internal.EntityBinder     : Bind entity com.nathan.duoc_usuarios.dto.UsuarioDto on table us_usuario
2024-10-07T00:01:06.784-03:00 DEBUG 14033 --- [duoc_usuarios] [           main] o.h.boot.model.internal.AnnotatedColumn  : Binding column: AnnotatedDiscriminatorColumn(column='DTYPE')
2024-10-07T00:01:06.792-03:00 DEBUG 14033 --- [duoc_usuarios] [           main] o.h.boot.model.internal.AnnotatedColumn  : Binding column: AnnotatedColumn(column='usuario_id')
2024-10-07T00:01:06.793-03:00 DEBUG 14033 --- [duoc_usuarios] [           main] o.h.boot.internal.ClassLoaderAccessImpl  : Not known whether passed class name [com.nathan.duoc_usuarios.dto.UsuarioDto] is safe
2024-10-07T00:01:06.793-03:00 DEBUG 14033 --- [duoc_usuarios] [           main] o.h.boot.internal.ClassLoaderAccessImpl  : No temp ClassLoader provided; using live ClassLoader for loading potentially unsafe class : com.nathan.duoc_usuarios.dto.UsuarioDto
2024-10-07T00:01:06.795-03:00 DEBUG 14033 --- [duoc_usuarios] [           main] o.h.boot.model.internal.PropertyBinder   : MetadataSourceProcessor property usuarioId with lazy=false
2024-10-07T00:01:06.797-03:00 DEBUG 14033 --- [duoc_usuarios] [           main] o.h.b.m.internal.AbstractPropertyHolder  : Attempting to locate auto-apply AttributeConverter for property [com.nathan.duoc_usuarios.dto.UsuarioDto:usuarioId]
2024-10-07T00:01:06.799-03:00 DEBUG 14033 --- [duoc_usuarios] [           main] o.h.b.model.internal.BasicValueBinder    : building BasicValue for usuarioId
2024-10-07T00:01:06.801-03:00 DEBUG 14033 --- [duoc_usuarios] [           main] org.hibernate.mapping.BasicValue         : Skipping column re-registration: us_usuario.usuario_id
2024-10-07T00:01:06.803-03:00 DEBUG 14033 --- [duoc_usuarios] [           main] o.h.boot.model.internal.PropertyBinder   : Building property usuarioId
2024-10-07T00:01:06.806-03:00 DEBUG 14033 --- [duoc_usuarios] [           main] o.h.boot.model.internal.BinderHelper     : #makeIdGenerator(BasicValue([Column(usuario_id)]), usuarioId, org.hibernate.id.enhanced.SequenceStyleGenerator, rol_secuence, ...)
2024-10-07T00:01:06.806-03:00 DEBUG 14033 --- [duoc_usuarios] [           main] o.h.boot.model.internal.AnnotatedColumn  : Binding column: AnnotatedColumn(column='alias')
2024-10-07T00:01:06.806-03:00 DEBUG 14033 --- [duoc_usuarios] [           main] o.h.boot.model.internal.PropertyBinder   : MetadataSourceProcessor property alias with lazy=false
2024-10-07T00:01:06.807-03:00 DEBUG 14033 --- [duoc_usuarios] [           main] o.h.b.m.internal.AbstractPropertyHolder  : Attempting to locate auto-apply AttributeConverter for property [com.nathan.duoc_usuarios.dto.UsuarioDto:alias]
2024-10-07T00:01:06.807-03:00 DEBUG 14033 --- [duoc_usuarios] [           main] o.h.b.model.internal.BasicValueBinder    : building BasicValue for alias
2024-10-07T00:01:06.807-03:00 DEBUG 14033 --- [duoc_usuarios] [           main] org.hibernate.mapping.BasicValue         : Skipping column re-registration: us_usuario.alias
2024-10-07T00:01:06.807-03:00 DEBUG 14033 --- [duoc_usuarios] [           main] o.h.boot.model.internal.PropertyBinder   : Building property alias
2024-10-07T00:01:06.807-03:00 DEBUG 14033 --- [duoc_usuarios] [           main] o.h.boot.model.internal.AnnotatedColumn  : Binding column: AnnotatedColumn(column='apellidos')
2024-10-07T00:01:06.807-03:00 DEBUG 14033 --- [duoc_usuarios] [           main] o.h.boot.model.internal.PropertyBinder   : MetadataSourceProcessor property apellidos with lazy=false
2024-10-07T00:01:06.807-03:00 DEBUG 14033 --- [duoc_usuarios] [           main] o.h.b.m.internal.AbstractPropertyHolder  : Attempting to locate auto-apply AttributeConverter for property [com.nathan.duoc_usuarios.dto.UsuarioDto:apellidos]
2024-10-07T00:01:06.807-03:00 DEBUG 14033 --- [duoc_usuarios] [           main] o.h.b.model.internal.BasicValueBinder    : building BasicValue for apellidos
2024-10-07T00:01:06.807-03:00 DEBUG 14033 --- [duoc_usuarios] [           main] org.hibernate.mapping.BasicValue         : Skipping column re-registration: us_usuario.apellidos
2024-10-07T00:01:06.807-03:00 DEBUG 14033 --- [duoc_usuarios] [           main] o.h.boot.model.internal.PropertyBinder   : Building property apellidos
2024-10-07T00:01:06.807-03:00 DEBUG 14033 --- [duoc_usuarios] [           main] o.h.boot.model.internal.AnnotatedColumn  : Binding column: AnnotatedColumn(column='direccion')
2024-10-07T00:01:06.807-03:00 DEBUG 14033 --- [duoc_usuarios] [           main] o.h.boot.model.internal.PropertyBinder   : MetadataSourceProcessor property direccion with lazy=false
2024-10-07T00:01:06.807-03:00 DEBUG 14033 --- [duoc_usuarios] [           main] o.h.b.m.internal.AbstractPropertyHolder  : Attempting to locate auto-apply AttributeConverter for property [com.nathan.duoc_usuarios.dto.UsuarioDto:direccion]
2024-10-07T00:01:06.808-03:00 DEBUG 14033 --- [duoc_usuarios] [           main] o.h.b.model.internal.BasicValueBinder    : building BasicValue for direccion
2024-10-07T00:01:06.808-03:00 DEBUG 14033 --- [duoc_usuarios] [           main] org.hibernate.mapping.BasicValue         : Skipping column re-registration: us_usuario.direccion
2024-10-07T00:01:06.808-03:00 DEBUG 14033 --- [duoc_usuarios] [           main] o.h.boot.model.internal.PropertyBinder   : Building property direccion
2024-10-07T00:01:06.808-03:00 DEBUG 14033 --- [duoc_usuarios] [           main] o.h.boot.model.internal.AnnotatedColumn  : Binding column: AnnotatedColumn(column='key_word')
2024-10-07T00:01:06.808-03:00 DEBUG 14033 --- [duoc_usuarios] [           main] o.h.boot.model.internal.PropertyBinder   : MetadataSourceProcessor property keyWord with lazy=false
2024-10-07T00:01:06.808-03:00 DEBUG 14033 --- [duoc_usuarios] [           main] o.h.b.m.internal.AbstractPropertyHolder  : Attempting to locate auto-apply AttributeConverter for property [com.nathan.duoc_usuarios.dto.UsuarioDto:keyWord]
2024-10-07T00:01:06.808-03:00 DEBUG 14033 --- [duoc_usuarios] [           main] o.h.b.model.internal.BasicValueBinder    : building BasicValue for keyWord
2024-10-07T00:01:06.808-03:00 DEBUG 14033 --- [duoc_usuarios] [           main] org.hibernate.mapping.BasicValue         : Skipping column re-registration: us_usuario.key_word
2024-10-07T00:01:06.808-03:00 DEBUG 14033 --- [duoc_usuarios] [           main] o.h.boot.model.internal.PropertyBinder   : Building property keyWord
2024-10-07T00:01:06.808-03:00 DEBUG 14033 --- [duoc_usuarios] [           main] o.h.boot.model.internal.AnnotatedColumn  : Binding column: AnnotatedColumn(column='nombres')
2024-10-07T00:01:06.808-03:00 DEBUG 14033 --- [duoc_usuarios] [           main] o.h.boot.model.internal.PropertyBinder   : MetadataSourceProcessor property nombres with lazy=false
2024-10-07T00:01:06.808-03:00 DEBUG 14033 --- [duoc_usuarios] [           main] o.h.b.m.internal.AbstractPropertyHolder  : Attempting to locate auto-apply AttributeConverter for property [com.nathan.duoc_usuarios.dto.UsuarioDto:nombres]
2024-10-07T00:01:06.809-03:00 DEBUG 14033 --- [duoc_usuarios] [           main] o.h.b.model.internal.BasicValueBinder    : building BasicValue for nombres
2024-10-07T00:01:06.809-03:00 DEBUG 14033 --- [duoc_usuarios] [           main] org.hibernate.mapping.BasicValue         : Skipping column re-registration: us_usuario.nombres
2024-10-07T00:01:06.809-03:00 DEBUG 14033 --- [duoc_usuarios] [           main] o.h.boot.model.internal.PropertyBinder   : Building property nombres
2024-10-07T00:01:06.809-03:00 DEBUG 14033 --- [duoc_usuarios] [           main] o.h.boot.model.internal.AnnotatedColumn  : Binding column: AnnotatedColumn(column='password')
2024-10-07T00:01:06.809-03:00 DEBUG 14033 --- [duoc_usuarios] [           main] o.h.boot.model.internal.PropertyBinder   : MetadataSourceProcessor property password with lazy=false
2024-10-07T00:01:06.809-03:00 DEBUG 14033 --- [duoc_usuarios] [           main] o.h.b.m.internal.AbstractPropertyHolder  : Attempting to locate auto-apply AttributeConverter for property [com.nathan.duoc_usuarios.dto.UsuarioDto:password]
2024-10-07T00:01:06.809-03:00 DEBUG 14033 --- [duoc_usuarios] [           main] o.h.b.model.internal.BasicValueBinder    : building BasicValue for password
2024-10-07T00:01:06.809-03:00 DEBUG 14033 --- [duoc_usuarios] [           main] org.hibernate.mapping.BasicValue         : Skipping column re-registration: us_usuario.password
2024-10-07T00:01:06.809-03:00 DEBUG 14033 --- [duoc_usuarios] [           main] o.h.boot.model.internal.PropertyBinder   : Building property password
2024-10-07T00:01:06.809-03:00 DEBUG 14033 --- [duoc_usuarios] [           main] o.h.boot.model.internal.AnnotatedColumn  : Binding column: AnnotatedColumn(column='rol_id')
2024-10-07T00:01:06.809-03:00 DEBUG 14033 --- [duoc_usuarios] [           main] o.h.boot.model.internal.PropertyBinder   : MetadataSourceProcessor property rol with lazy=false
2024-10-07T00:01:06.809-03:00 DEBUG 14033 --- [duoc_usuarios] [           main] o.h.b.m.internal.AbstractPropertyHolder  : Attempting to locate auto-apply AttributeConverter for property [com.nathan.duoc_usuarios.dto.UsuarioDto:rol]
2024-10-07T00:01:06.809-03:00 DEBUG 14033 --- [duoc_usuarios] [           main] o.h.b.model.internal.BasicValueBinder    : building BasicValue for rol
2024-10-07T00:01:06.809-03:00 DEBUG 14033 --- [duoc_usuarios] [           main] org.hibernate.mapping.BasicValue         : Skipping column re-registration: us_usuario.rol_id
2024-10-07T00:01:06.809-03:00 DEBUG 14033 --- [duoc_usuarios] [           main] o.h.boot.model.internal.PropertyBinder   : Building property rol
2024-10-07T00:01:06.809-03:00 DEBUG 14033 --- [duoc_usuarios] [           main] o.h.boot.model.internal.AnnotatedColumn  : Binding column: AnnotatedColumn(column='vigencia')
2024-10-07T00:01:06.809-03:00 DEBUG 14033 --- [duoc_usuarios] [           main] o.h.boot.model.internal.PropertyBinder   : MetadataSourceProcessor property vigencia with lazy=false
2024-10-07T00:01:06.809-03:00 DEBUG 14033 --- [duoc_usuarios] [           main] o.h.b.m.internal.AbstractPropertyHolder  : Attempting to locate auto-apply AttributeConverter for property [com.nathan.duoc_usuarios.dto.UsuarioDto:vigencia]
2024-10-07T00:01:06.809-03:00 DEBUG 14033 --- [duoc_usuarios] [           main] o.h.b.model.internal.BasicValueBinder    : building BasicValue for vigencia
2024-10-07T00:01:06.809-03:00 DEBUG 14033 --- [duoc_usuarios] [           main] org.hibernate.mapping.BasicValue         : Skipping column re-registration: us_usuario.vigencia
2024-10-07T00:01:06.810-03:00 DEBUG 14033 --- [duoc_usuarios] [           main] o.h.boot.model.internal.PropertyBinder   : Building property vigencia
2024-10-07T00:01:06.810-03:00 DEBUG 14033 --- [duoc_usuarios] [           main] o.h.b.r.c.i.ClassLoaderServiceImpl       : HHH000194: Package not found or no package-info.java: com.nathan.duoc_usuarios.dto
2024-10-07T00:01:06.813-03:00 DEBUG 14033 --- [duoc_usuarios] [           main] o.h.b.model.internal.BasicValueBinder    : Starting `BasicValueBinder#fillSimpleValue` for usuarioId
2024-10-07T00:01:06.814-03:00 DEBUG 14033 --- [duoc_usuarios] [           main] o.h.b.model.internal.BasicValueBinder    : Starting `BasicValueBinder#fillSimpleValue` for alias
2024-10-07T00:01:06.814-03:00 DEBUG 14033 --- [duoc_usuarios] [           main] o.h.b.model.internal.BasicValueBinder    : Starting `BasicValueBinder#fillSimpleValue` for apellidos
2024-10-07T00:01:06.814-03:00 DEBUG 14033 --- [duoc_usuarios] [           main] o.h.b.model.internal.BasicValueBinder    : Starting `BasicValueBinder#fillSimpleValue` for direccion
2024-10-07T00:01:06.814-03:00 DEBUG 14033 --- [duoc_usuarios] [           main] o.h.b.model.internal.BasicValueBinder    : Starting `BasicValueBinder#fillSimpleValue` for keyWord
2024-10-07T00:01:06.814-03:00 DEBUG 14033 --- [duoc_usuarios] [           main] o.h.b.model.internal.BasicValueBinder    : Starting `BasicValueBinder#fillSimpleValue` for nombres
2024-10-07T00:01:06.815-03:00 DEBUG 14033 --- [duoc_usuarios] [           main] o.h.b.model.internal.BasicValueBinder    : Starting `BasicValueBinder#fillSimpleValue` for password
2024-10-07T00:01:06.815-03:00 DEBUG 14033 --- [duoc_usuarios] [           main] o.h.b.model.internal.BasicValueBinder    : Starting `BasicValueBinder#fillSimpleValue` for rol
2024-10-07T00:01:06.815-03:00 DEBUG 14033 --- [duoc_usuarios] [           main] o.h.b.model.internal.BasicValueBinder    : Starting `BasicValueBinder#fillSimpleValue` for vigencia
2024-10-07T00:01:06.816-03:00 DEBUG 14033 --- [duoc_usuarios] [           main] org.hibernate.mapping.PrimaryKey         : Forcing column [usuario_id] to be non-null as it is part of the primary key for table [us_usuario]
2024-10-07T00:01:06.879-03:00 DEBUG 14033 --- [duoc_usuarios] [           main] o.hibernate.internal.SessionFactoryImpl  : Building session factory
2024-10-07T00:01:06.900-03:00 DEBUG 14033 --- [duoc_usuarios] [           main] .h.s.i.SessionFactoryServiceRegistryImpl : EventListenerRegistry access via ServiceRegistry is deprecated.  Use `sessionFactory.getEventEngine().getListenerRegistry()` instead
2024-10-07T00:01:06.900-03:00 DEBUG 14033 --- [duoc_usuarios] [           main] o.hibernate.internal.SessionFactoryImpl  : Instantiating SessionFactory with settings: {java.specification.version=22, hibernate.resource.beans.container=org.springframework.orm.hibernate5.SpringBeanContainer@1ff81b0d, hibernate.connection.handling_mode=DELAYED_ACQUISITION_AND_HOLD, sun.jnu.encoding=UTF-8, hibernate.dialect=org.hibernate.dialect.OracleDialect, hibernate.implicit_naming_strategy=org.springframework.boot.orm.jpa.hibernate.SpringImplicitNamingStrategy, java.class.path=/Users/jonathanbernal/Documents/Duoc/FullStack/Week9/duoc_usuarios/target/test-classes:/Users/jonathanbernal/Documents/Duoc/FullStack/Week9/duoc_usuarios/target/classes:/Users/jonathanbernal/.m2/repository/org/springframework/boot/spring-boot-starter-actuator/3.3.4/spring-boot-starter-actuator-3.3.4.jar:/Users/jonathanbernal/.m2/repository/org/springframework/boot/spring-boot-starter/3.3.4/spring-boot-starter-3.3.4.jar:/Users/jonathanbernal/.m2/repository/org/springframework/boot/spring-boot-starter-logging/3.3.4/spring-boot-starter-logging-3.3.4.jar:/Users/jonathanbernal/.m2/repository/ch/qos/logback/logback-classic/1.5.8/logback-classic-1.5.8.jar:/Users/jonathanbernal/.m2/repository/ch/qos/logback/logback-core/1.5.8/logback-core-1.5.8.jar:/Users/jonathanbernal/.m2/repository/org/apache/logging/log4j/log4j-to-slf4j/2.23.1/log4j-to-slf4j-2.23.1.jar:/Users/jonathanbernal/.m2/repository/org/apache/logging/log4j/log4j-api/2.23.1/log4j-api-2.23.1.jar:/Users/jonathanbernal/.m2/repository/org/slf4j/jul-to-slf4j/2.0.16/jul-to-slf4j-2.0.16.jar:/Users/jonathanbernal/.m2/repository/jakarta/annotation/jakarta.annotation-api/2.1.1/jakarta.annotation-api-2.1.1.jar:/Users/jonathanbernal/.m2/repository/org/yaml/snakeyaml/2.2/snakeyaml-2.2.jar:/Users/jonathanbernal/.m2/repository/org/springframework/boot/spring-boot-actuator-autoconfigure/3.3.4/spring-boot-actuator-autoconfigure-3.3.4.jar:/Users/jonathanbernal/.m2/repository/org/springframework/boot/spring-boot-actuator/3.3.4/spring-boot-actuator-3.3.4.jar:/Users/jonathanbernal/.m2/repository/com/fasterxml/jackson/core/jackson-databind/2.17.2/jackson-databind-2.17.2.jar:/Users/jonathanbernal/.m2/repository/com/fasterxml/jackson/core/jackson-annotations/2.17.2/jackson-annotations-2.17.2.jar:/Users/jonathanbernal/.m2/repository/com/fasterxml/jackson/core/jackson-core/2.17.2/jackson-core-2.17.2.jar:/Users/jonathanbernal/.m2/repository/com/fasterxml/jackson/datatype/jackson-datatype-jsr310/2.17.2/jackson-datatype-jsr310-2.17.2.jar:/Users/jonathanbernal/.m2/repository/io/micrometer/micrometer-observation/1.13.4/micrometer-observation-1.13.4.jar:/Users/jonathanbernal/.m2/repository/io/micrometer/micrometer-commons/1.13.4/micrometer-commons-1.13.4.jar:/Users/jonathanbernal/.m2/repository/io/micrometer/micrometer-jakarta9/1.13.4/micrometer-jakarta9-1.13.4.jar:/Users/jonathanbernal/.m2/repository/io/micrometer/micrometer-core/1.13.4/micrometer-core-1.13.4.jar:/Users/jonathanbernal/.m2/repository/org/hdrhistogram/HdrHistogram/2.2.2/HdrHistogram-2.2.2.jar:/Users/jonathanbernal/.m2/repository/org/latencyutils/LatencyUtils/2.0.3/LatencyUtils-2.0.3.jar:/Users/jonathanbernal/.m2/repository/org/springframework/boot/spring-boot-starter-web/3.3.4/spring-boot-starter-web-3.3.4.jar:/Users/jonathanbernal/.m2/repository/org/springframework/boot/spring-boot-starter-json/3.3.4/spring-boot-starter-json-3.3.4.jar:/Users/jonathanbernal/.m2/repository/com/fasterxml/jackson/datatype/jackson-datatype-jdk8/2.17.2/jackson-datatype-jdk8-2.17.2.jar:/Users/jonathanbernal/.m2/repository/com/fasterxml/jackson/module/jackson-module-parameter-names/2.17.2/jackson-module-parameter-names-2.17.2.jar:/Users/jonathanbernal/.m2/repository/org/springframework/boot/spring-boot-starter-tomcat/3.3.4/spring-boot-starter-tomcat-3.3.4.jar:/Users/jonathanbernal/.m2/repository/org/apache/tomcat/embed/tomcat-embed-core/10.1.30/tomcat-embed-core-10.1.30.jar:/Users/jonathanbernal/.m2/repository/org/apache/tomcat/embed/tomcat-embed-websocket/10.1.30/tomcat-embed-websocket-10.1.30.jar:/Users/jonathanbernal/.m2/repository/org/springframework/spring-web/6.1.13/spring-web-6.1.13.jar:/Users/jonathanbernal/.m2/repository/org/springframework/spring-beans/6.1.13/spring-beans-6.1.13.jar:/Users/jonathanbernal/.m2/repository/org/springframework/spring-webmvc/6.1.13/spring-webmvc-6.1.13.jar:/Users/jonathanbernal/.m2/repository/org/springframework/spring-aop/6.1.13/spring-aop-6.1.13.jar:/Users/jonathanbernal/.m2/repository/org/springframework/spring-context/6.1.13/spring-context-6.1.13.jar:/Users/jonathanbernal/.m2/repository/org/springframework/spring-expression/6.1.13/spring-expression-6.1.13.jar:/Users/jonathanbernal/.m2/repository/org/springframework/boot/spring-boot-devtools/3.3.4/spring-boot-devtools-3.3.4.jar:/Users/jonathanbernal/.m2/repository/org/springframework/boot/spring-boot/3.3.4/spring-boot-3.3.4.jar:/Users/jonathanbernal/.m2/repository/org/springframework/boot/spring-boot-autoconfigure/3.3.4/spring-boot-autoconfigure-3.3.4.jar:/Users/jonathanbernal/.m2/repository/org/projectlombok/lombok/1.18.34/lombok-1.18.34.jar:/Users/jonathanbernal/.m2/repository/org/springframework/boot/spring-boot-starter-test/3.3.4/spring-boot-starter-test-3.3.4.jar:/Users/jonathanbernal/.m2/repository/org/springframework/boot/spring-boot-test/3.3.4/spring-boot-test-3.3.4.jar:/Users/jonathanbernal/.m2/repository/org/springframework/boot/spring-boot-test-autoconfigure/3.3.4/spring-boot-test-autoconfigure-3.3.4.jar:/Users/jonathanbernal/.m2/repository/com/jayway/jsonpath/json-path/2.9.0/json-path-2.9.0.jar:/Users/jonathanbernal/.m2/repository/org/slf4j/slf4j-api/2.0.16/slf4j-api-2.0.16.jar:/Users/jonathanbernal/.m2/repository/jakarta/xml/bind/jakarta.xml.bind-api/4.0.2/jakarta.xml.bind-api-4.0.2.jar:/Users/jonathanber
[...]

   NamedParameterJdbcTemplateConfiguration matched:
      - @ConditionalOnSingleCandidate (types: org.springframework.jdbc.core.JdbcTemplate; SearchStrategy: all) found a single bean 'jdbcTemplate'; @ConditionalOnMissingBean (types: org.springframework.jdbc.core.namedparam.NamedParameterJdbcOperations; SearchStrategy: all) did not find any beans (OnBeanCondition)

   NoOpCacheConfiguration matched:
      - Cache org.springframework.boot.autoconfigure.cache.NoOpCacheConfiguration NONE cache type (CacheCondition)

   SqlInitializationAutoConfiguration matched:
      - @ConditionalOnProperty (spring.sql.init.enabled) matched (OnPropertyCondition)
      - NoneNestedConditions 0 matched 1 did not; NestedCondition on SqlInitializationAutoConfiguration.SqlInitializationModeCondition.ModeIsNever @ConditionalOnProperty (spring.sql.init.mode=never) did not find property 'mode' (SqlInitializationAutoConfiguration.SqlInitializationModeCondition)

   TestEntityManagerAutoConfiguration matched:
      - @ConditionalOnClass found required class 'jakarta.persistence.EntityManagerFactory' (OnClassCondition)

   TestEntityManagerAutoConfiguration#testEntityManager matched:
      - @ConditionalOnMissingBean (types: org.springframework.boot.test.autoconfigure.orm.jpa.TestEntityManager; SearchStrategy: all) did not find any beans (OnBeanCondition)

   TransactionAutoConfiguration matched:
      - @ConditionalOnClass found required class 'org.springframework.transaction.PlatformTransactionManager' (OnClassCondition)

   TransactionAutoConfiguration.EnableTransactionManagementConfiguration matched:
      - @ConditionalOnBean (types: org.springframework.transaction.TransactionManager; SearchStrategy: all) found bean 'transactionManager'; @ConditionalOnMissingBean (types: org.springframework.transaction.annotation.AbstractTransactionManagementConfiguration; SearchStrategy: all) did not find any beans (OnBeanCondition)

   TransactionAutoConfiguration.EnableTransactionManagementConfiguration.CglibAutoProxyConfiguration matched:
      - @ConditionalOnProperty (spring.aop.proxy-target-class=true) matched (OnPropertyCondition)

   TransactionAutoConfiguration.TransactionTemplateConfiguration matched:
      - @ConditionalOnSingleCandidate (types: org.springframework.transaction.PlatformTransactionManager; SearchStrategy: all) found a single bean 'transactionManager' (OnBeanCondition)

   TransactionAutoConfiguration.TransactionTemplateConfiguration#transactionTemplate matched:
      - @ConditionalOnMissingBean (types: org.springframework.transaction.support.TransactionOperations; SearchStrategy: all) did not find any beans (OnBeanCondition)


Negative matches:
-----------------

   Cache2kCacheConfiguration:
      Did not match:
         - @ConditionalOnClass did not find required class 'org.cache2k.Cache2kBuilder' (OnClassCondition)

   CacheAutoConfiguration:
      Did not match:
         - @ConditionalOnBean (types: org.springframework.cache.interceptor.CacheAspectSupport; SearchStrategy: all) did not find any beans of type org.springframework.cache.interceptor.CacheAspectSupport (OnBeanCondition)
      Matched:
         - @ConditionalOnClass found required class 'org.springframework.cache.CacheManager' (OnClassCondition)

   CacheAutoConfiguration.CacheManagerEntityManagerFactoryDependsOnPostProcessor:
      Did not match:
         - Ancestor org.springframework.boot.autoconfigure.cache.CacheAutoConfiguration did not match (ConditionEvaluationReport.AncestorsMatchedCondition)
      Matched:
         - @ConditionalOnClass found required class 'org.springframework.orm.jpa.LocalContainerEntityManagerFactoryBean' (OnClassCondition)

   CaffeineCacheConfiguration:
      Did not match:
         - @ConditionalOnClass did not find required class 'com.github.benmanes.caffeine.cache.Caffeine' (OnClassCondition)

   CouchbaseCacheConfiguration:
      Did not match:
         - @ConditionalOnClass did not find required class 'com.couchbase.client.java.Cluster' (OnClassCondition)

   DataSourceAutoConfiguration.EmbeddedDatabaseConfiguration:
      Did not match:
         - EmbeddedDataSource spring.datasource.url is set (DataSourceAutoConfiguration.EmbeddedDatabaseCondition)

   DataSourceCheckpointRestoreConfiguration:
      Did not match:
         - @ConditionalOnClass did not find required class 'org.crac.Resource' (OnClassCondition)

   DataSourceConfiguration.Dbcp2:
      Did not match:
         - @ConditionalOnClass did not find required class 'org.apache.commons.dbcp2.BasicDataSource' (OnClassCondition)

   DataSourceConfiguration.Generic:
      Did not match:
         - @ConditionalOnProperty (spring.datasource.type) did not find property 'spring.datasource.type' (OnPropertyCondition)

   DataSourceConfiguration.OracleUcp:
      Did not match:
         - @ConditionalOnClass did not find required class 'oracle.ucp.jdbc.PoolDataSourceImpl' (OnClassCondition)

   DataSourceConfiguration.Tomcat:
      Did not match:
         - @ConditionalOnClass did not find required class 'org.apache.tomcat.jdbc.pool.DataSource' (OnClassCondition)

   DataSourceJmxConfiguration:
      Did not match:
         - @ConditionalOnProperty (spring.jmx.enabled=true) found different value in property 'enabled' (OnPropertyCondition)

   DataSourcePoolMetadataProvidersConfiguration.CommonsDbcp2PoolDataSourceMetadataProviderConfiguration:
      Did not match:
         - @ConditionalOnClass did not find required class 'org.apache.commons.dbcp2.BasicDataSource' (OnClassCondition)

   DataSourcePoolMetadataProvidersConfiguration.OracleUcpPoolDataSourceMetadataProviderConfiguration:
      Did not match:
         - @ConditionalOnClass did not find required class 'oracle.ucp.jdbc.PoolDataSource' (OnClassCondition)

   DataSourcePoolMetadataProvidersConfiguration.TomcatDataSourcePoolMetadataProviderConfiguration:
      Did not match:
         - @ConditionalOnClass did not find required class 'org.apache.tomcat.jdbc.pool.DataSource' (OnClassCondition)

   DataSourceTransactionManagerAutoConfiguration.JdbcTransactionManagerConfiguration#transactionManager:
      Did not match:
         - @ConditionalOnMissingBean (types: org.springframework.transaction.TransactionManager; SearchStrategy: all) found beans of type 'org.springframework.transaction.TransactionManager' transactionManager (OnBeanCondition)

   FlywayAutoConfiguration:
      Did not match:
         - @ConditionalOnClass did not find required class 'org.flywaydb.core.Flyway' (OnClassCondition)

   GenericCacheConfiguration:
      Did not match:
         - Cache org.springframework.boot.autoconfigure.cache.GenericCacheConfiguration unknown cache type (CacheCondition)

   HazelcastCacheConfiguration:
      Did not match:
         - @ConditionalOnClass did not find required class 'com.hazelcast.core.HazelcastInstance' (OnClassCondition)

   InfinispanCacheConfiguration:
      Did not match:
         - @ConditionalOnClass did not find required class 'org.infinispan.spring.embedded.provider.SpringEmbeddedCacheManager' (OnClassCondition)

   JCacheCacheConfiguration:
      Did not match:
         - @ConditionalOnClass did not find required class 'javax.cache.Caching' (OnClassCondition)

   JpaBaseConfiguration.JpaWebConfiguration:
      Did not match:
         - not a servlet web application (OnWebApplicationCondition)
      Matched:
         - @ConditionalOnClass found required class 'org.springframework.web.servlet.config.annotation.WebMvcConfigurer' (OnClassCondition)

   JpaRepositoriesAutoConfiguration#entityManagerFactoryBootstrapExecutorCustomizer:
      Did not match:
         - AnyNestedCondition 0 matched 2 did not; NestedCondition on JpaRepositoriesAutoConfiguration.BootstrapExecutorCondition.LazyBootstrapMode @ConditionalOnProperty (spring.data.jpa.repositories.bootstrap-mode=lazy) found different value in property 'bootstrap-mode'; NestedCondition on JpaRepositoriesAutoConfiguration.BootstrapExecutorCondition.DeferredBootstrapMode @ConditionalOnProperty (spring.data.jpa.repositories.bootstrap-mode=deferred) found different value in property 'bootstrap-mode' (JpaRepositoriesAutoConfiguration.BootstrapExecutorCondition)

   LiquibaseAutoConfiguration:
      Did not match:
         - @ConditionalOnClass did not find required class 'liquibase.change.DatabaseChange' (OnClassCondition)

   R2dbcInitializationConfiguration:
      Did not match:
         - @ConditionalOnClass did not find required classes 'io.r2dbc.spi.ConnectionFactory', 'org.springframework.r2dbc.connection.init.DatabasePopulator' (OnClassCondition)

   RedisCacheConfiguration:
      Did not match:
         - @ConditionalOnClass did not find required class 'org.springframework.data.redis.connection.RedisConnectionFactory' (OnClassCondition)

   SimpleCacheConfiguration:
      Did not match:
         - Cache org.springframework.boot.autoconfigure.cache.SimpleCacheConfiguration unknown cache type (CacheCondition)

   TestDatabaseAutoConfiguration#dataSource:
      Did not match:
         - @ConditionalOnProperty (spring.test.database.replace=AUTO_CONFIGURED) found different value in property 'replace' (OnPropertyCondition)

   TestDatabaseAutoConfiguration#embeddedDataSourceBeanFactoryPostProcessor:
      Did not match:
         - @ConditionalOnProperty (spring.test.database.replace=ANY) found different value in property 'replace' (OnPropertyCondition)

   TransactionAutoConfiguration#transactionalOperator:
      Did not match:
         - @ConditionalOnSingleCandidate (types: org.springframework.transaction.ReactiveTransactionManager; SearchStrategy: all) did not find any beans (OnBeanCondition)

   TransactionAutoConfiguration.AspectJTransactionManagementConfiguration:
      Did not match:
         - @ConditionalOnBean (types: org.springframework.transaction.aspectj.AbstractTransactionAspect; SearchStrategy: all) did not find any beans of type org.springframework.transaction.aspectj.AbstractTransactionAspect (OnBeanCondition)

   TransactionAutoConfiguration.EnableTransactionManagementConfiguration.JdkDynamicAutoProxyConfiguration:
      Did not match:
         - @ConditionalOnProperty (spring.aop.proxy-target-class=false) did not find property 'proxy-target-class' (OnPropertyCondition)


Exclusions:
-----------

    None


Unconditional classes:
----------------------

    org.springframework.boot.test.autoconfigure.jdbc.TestDatabaseAutoConfiguration



2024-10-07T00:01:07.458-03:00  INFO 14033 --- [duoc_usuarios] [           main] c.n.d.repository.UsuasrioRepositoryTest  : Started UsuasrioRepositoryTest in 2.819 seconds (process running for 3.473)
2024-10-07T00:01:07.460-03:00 DEBUG 14033 --- [duoc_usuarios] [           main] o.s.boot.devtools.restart.Restarter      : Creating new Restarter for thread Thread[#1,main,5,main]
2024-10-07T00:01:07.461-03:00 DEBUG 14033 --- [duoc_usuarios] [           main] org.springframework.test.context.cache   : Spring test ApplicationContext cache statistics: [DefaultContextCache@36dc6b9 size = 1, maxSize = 32, parentContextCount = 0, hitCount = 0, missCount = 1, failureCount = 0]
2024-10-07T00:01:07.463-03:00 DEBUG 14033 --- [duoc_usuarios] [           main] org.springframework.test.context.cache   : Spring test ApplicationContext cache statistics: [DefaultContextCache@36dc6b9 size = 1, maxSize = 32, parentContextCount = 0, hitCount = 1, missCount = 1, failureCount = 0]
2024-10-07T00:01:07.465-03:00 DEBUG 14033 --- [duoc_usuarios] [           main] sContextBeforeModesTestExecutionListener : Before test method: class [UsuasrioRepositoryTest], method [guardarUsuarioTest], class annotated with @DirtiesContext [false] with mode [null], method annotated with @DirtiesContext [false] with mode [null]
2024-10-07T00:01:07.467-03:00 DEBUG 14033 --- [duoc_usuarios] [           main] t.c.t.TransactionalTestExecutionListener : Explicit transaction definition [PROPAGATION_REQUIRED,ISOLATION_DEFAULT] found for test class [com.nathan.duoc_usuarios.repository.UsuasrioRepositoryTest] and test method [guardarUsuarioTest]
2024-10-07T00:01:07.467-03:00 DEBUG 14033 --- [duoc_usuarios] [           main] org.springframework.test.context.cache   : Spring test ApplicationContext cache statistics: [DefaultContextCache@36dc6b9 size = 1, maxSize = 32, parentContextCount = 0, hitCount = 2, missCount = 1, failureCount = 0]
2024-10-07T00:01:07.468-03:00 DEBUG 14033 --- [duoc_usuarios] [           main] t.c.t.TransactionalTestExecutionListener : No method-level @Rollback override: using default rollback [true] for test method [public void com.nathan.duoc_usuarios.repository.UsuasrioRepositoryTest.guardarUsuarioTest()]
2024-10-07T00:01:07.468-03:00 DEBUG 14033 --- [duoc_usuarios] [           main] o.s.orm.jpa.JpaTransactionManager        : Creating new transaction with name [com.nathan.duoc_usuarios.repository.UsuasrioRepositoryTest.guardarUsuarioTest]: PROPAGATION_REQUIRED,ISOLATION_DEFAULT
2024-10-07T00:01:07.468-03:00 DEBUG 14033 --- [duoc_usuarios] [           main] o.s.orm.jpa.JpaTransactionManager        : Opened new EntityManager [SessionImpl(1332370633<open>)] for JPA transaction
2024-10-07T00:01:07.470-03:00 DEBUG 14033 --- [duoc_usuarios] [           main] o.h.e.t.internal.TransactionImpl         : On TransactionImpl creation, JpaCompliance#isJpaTransactionComplianceEnabled == false
2024-10-07T00:01:07.470-03:00 DEBUG 14033 --- [duoc_usuarios] [           main] o.h.e.t.internal.TransactionImpl         : begin
2024-10-07T00:01:07.480-03:00 DEBUG 14033 --- [duoc_usuarios] [           main] o.s.orm.jpa.JpaTransactionManager        : Exposing JPA transaction as JDBC [org.springframework.orm.jpa.vendor.HibernateJpaDialect$HibernateConnectionHandle@69d2c460]
2024-10-07T00:01:07.481-03:00 DEBUG 14033 --- [duoc_usuarios] [           main] o.s.t.c.transaction.TransactionContext   : Began transaction (1) for test class [com.nathan.duoc_usuarios.repository.UsuasrioRepositoryTest]; test method [guardarUsuarioTest]; transaction manager [org.springframework.orm.jpa.JpaTransactionManager@3bf41cd0]; rollback [true]
2024-10-07T00:01:07.481-03:00 DEBUG 14033 --- [duoc_usuarios] [           main] org.springframework.test.context.cache   : Spring test ApplicationContext cache statistics: [DefaultContextCache@36dc6b9 size = 1, maxSize = 32, parentContextCount = 0, hitCount = 3, missCount = 1, failureCount = 0]
2024-10-07T00:01:07.482-03:00 DEBUG 14033 --- [duoc_usuarios] [           main] org.springframework.test.context.cache   : Spring test ApplicationContext cache statistics: [DefaultContextCache@36dc6b9 size = 1, maxSize = 32, parentContextCount = 0, hitCount = 4, missCount = 1, failureCount = 0]
2024-10-07T00:01:07.875-03:00 DEBUG 14033 --- [duoc_usuarios] [           main] org.springframework.test.context.cache   : Spring test ApplicationContext cache statistics: [DefaultContextCache@36dc6b9 size = 1, maxSize = 32, parentContextCount = 0, hitCount = 5, missCount = 1, failureCount = 0]
2024-10-07T00:01:07.879-03:00 DEBUG 14033 --- [duoc_usuarios] [           main] o.s.orm.jpa.JpaTransactionManager        : Found thread-bound EntityManager [SessionImpl(1332370633<open>)] for JPA transaction
2024-10-07T00:01:07.879-03:00 DEBUG 14033 --- [duoc_usuarios] [           main] o.s.orm.jpa.JpaTransactionManager        : Participating in existing transaction
2024-10-07T00:01:07.881-03:00 DEBUG 14033 --- [duoc_usuarios] [           main] o.h.j.internal.PersistenceUnitUtilImpl   : jakarta.persistence.PersistenceUnitUtil.getIdentifier is only intended to work with enhanced entities (although Hibernate also adapts this support to its proxies); however the passed entity was not enhanced (nor a proxy).. may not be able to read identifier
2024-10-07T00:01:07.885-03:00 DEBUG 14033 --- [duoc_usuarios] [           main] org.hibernate.SQL                        : select seq_usuario_id.nextval from dual
Hibernate: select seq_usuario_id.nextval from dual
2024-10-07T00:01:07.912-03:00 DEBUG 14033 --- [duoc_usuarios] [           main] o.h.id.enhanced.SequenceStructure        : Sequence value obtained: 3
2024-10-07T00:01:07.912-03:00 DEBUG 14033 --- [duoc_usuarios] [           main] o.h.e.i.AbstractSaveEventListener        : Generated identifier: 3, using strategy: org.hibernate.id.enhanced.SequenceStyleGenerator
2024-10-07T00:01:07.920-03:00 DEBUG 14033 --- [duoc_usuarios] [           main] org.springframework.test.context.cache   : Spring test ApplicationContext cache statistics: [DefaultContextCache@36dc6b9 size = 1, maxSize = 32, parentContextCount = 0, hitCount = 6, missCount = 1, failureCount = 0]
2024-10-07T00:01:07.920-03:00 DEBUG 14033 --- [duoc_usuarios] [           main] org.springframework.test.context.cache   : Spring test ApplicationContext cache statistics: [DefaultContextCache@36dc6b9 size = 1, maxSize = 32, parentContextCount = 0, hitCount = 7, missCount = 1, failureCount = 0]
2024-10-07T00:01:07.920-03:00 DEBUG 14033 --- [duoc_usuarios] [           main] org.springframework.test.context.cache   : Spring test ApplicationContext cache statistics: [DefaultContextCache@36dc6b9 size = 1, maxSize = 32, parentContextCount = 0, hitCount = 8, missCount = 1, failureCount = 0]
2024-10-07T00:01:07.921-03:00 DEBUG 14033 --- [duoc_usuarios] [           main] org.springframework.test.context.cache   : Spring test ApplicationContext cache statistics: [DefaultContextCache@36dc6b9 size = 1, maxSize = 32, parentContextCount = 0, hitCount = 9, missCount = 1, failureCount = 0]
2024-10-07T00:01:07.921-03:00 DEBUG 14033 --- [duoc_usuarios] [           main] org.springframework.test.context.cache   : Spring test ApplicationContext cache statistics: [DefaultContextCache@36dc6b9 size = 1, maxSize = 32, parentContextCount = 0, hitCount = 10, missCount = 1, failureCount = 0]
2024-10-07T00:01:07.924-03:00 DEBUG 14033 --- [duoc_usuarios] [           main] org.springframework.test.context.cache   : Spring test ApplicationContext cache statistics: [DefaultContextCache@36dc6b9 size = 1, maxSize = 32, parentContextCount = 0, hitCount = 11, missCount = 1, failureCount = 0]
2024-10-07T00:01:07.925-03:00 DEBUG 14033 --- [duoc_usuarios] [           main] o.s.orm.jpa.JpaTransactionManager        : Initiating transaction rollback
2024-10-07T00:01:07.925-03:00 DEBUG 14033 --- [duoc_usuarios] [           main] o.s.orm.jpa.JpaTransactionManager        : Rolling back JPA transaction on EntityManager [SessionImpl(1332370633<open>)]
2024-10-07T00:01:07.925-03:00 DEBUG 14033 --- [duoc_usuarios] [           main] o.h.e.t.internal.TransactionImpl         : rolling back
2024-10-07T00:01:07.939-03:00 DEBUG 14033 --- [duoc_usuarios] [           main] o.s.orm.jpa.JpaTransactionManager        : Closing JPA EntityManager [SessionImpl(1332370633<open>)] after transaction
2024-10-07T00:01:07.939-03:00 DEBUG 14033 --- [duoc_usuarios] [           main] o.s.t.c.transaction.TransactionContext   : Rolled back transaction (1) for test class [com.nathan.duoc_usuarios.repository.UsuasrioRepositoryTest]; test method [guardarUsuarioTest]
2024-10-07T00:01:07.941-03:00 DEBUG 14033 --- [duoc_usuarios] [           main] .c.s.DirtiesContextTestExecutionListener : After test method: class [UsuasrioRepositoryTest], method [guardarUsuarioTest], class annotated with @DirtiesContext [false] with mode [null], method annotated with @DirtiesContext [false] with mode [null]
]]></system-out>
    <system-err><![CDATA[WARNING: A Java agent has been loaded dynamically (/Users/jonathanbernal/.m2/repository/net/bytebuddy/byte-buddy-agent/1.14.19/byte-buddy-agent-1.14.19.jar)
WARNING: If a serviceability tool is in use, please run with -XX:+EnableDynamicAgentLoading to hide this warning
WARNING: If a serviceability tool is not in use, please run with -Djdk.instrument.traceUsage for more information
WARNING: Dynamic loading of agents will be disallowed by default in a future release
]]></system-err>
  </testcase>
</testsuite>